   1               		.file	"USBInterrupt_XMEGA.c"
   2               	__SREG__ = 0x3f
   3               	__SP_H__ = 0x3e
   4               	__SP_L__ = 0x3d
   5               	__CCP__ = 0x34
   6               	__tmp_reg__ = 0
   7               	__zero_reg__ = 1
   8               		.global __do_copy_data
   9               		.global __do_clear_bss
  10               		.text
  11               	.Ltext0:
  12               		.cfi_sections	.debug_frame
  13               		.section	.text.USB_INT_DisableAllInterrupts,"ax",@progbits
  14               	.global	USB_INT_DisableAllInterrupts
  16               	USB_INT_DisableAllInterrupts:
  17               	.LFB68:
  18               		.file 1 "LUFA//Drivers/USB/Core/XMEGA/USBInterrupt_XMEGA.c"
   1:LUFA//Drivers/USB/Core/XMEGA/USBInterrupt_XMEGA.c **** /*
   2:LUFA//Drivers/USB/Core/XMEGA/USBInterrupt_XMEGA.c ****              LUFA Library
   3:LUFA//Drivers/USB/Core/XMEGA/USBInterrupt_XMEGA.c ****      Copyright (C) Dean Camera, 2012.
   4:LUFA//Drivers/USB/Core/XMEGA/USBInterrupt_XMEGA.c **** 
   5:LUFA//Drivers/USB/Core/XMEGA/USBInterrupt_XMEGA.c ****   dean [at] fourwalledcubicle [dot] com
   6:LUFA//Drivers/USB/Core/XMEGA/USBInterrupt_XMEGA.c ****            www.lufa-lib.org
   7:LUFA//Drivers/USB/Core/XMEGA/USBInterrupt_XMEGA.c **** */
   8:LUFA//Drivers/USB/Core/XMEGA/USBInterrupt_XMEGA.c **** 
   9:LUFA//Drivers/USB/Core/XMEGA/USBInterrupt_XMEGA.c **** /*
  10:LUFA//Drivers/USB/Core/XMEGA/USBInterrupt_XMEGA.c ****   Copyright 2012  Dean Camera (dean [at] fourwalledcubicle [dot] com)
  11:LUFA//Drivers/USB/Core/XMEGA/USBInterrupt_XMEGA.c **** 
  12:LUFA//Drivers/USB/Core/XMEGA/USBInterrupt_XMEGA.c ****   Permission to use, copy, modify, distribute, and sell this
  13:LUFA//Drivers/USB/Core/XMEGA/USBInterrupt_XMEGA.c ****   software and its documentation for any purpose is hereby granted
  14:LUFA//Drivers/USB/Core/XMEGA/USBInterrupt_XMEGA.c ****   without fee, provided that the above copyright notice appear in
  15:LUFA//Drivers/USB/Core/XMEGA/USBInterrupt_XMEGA.c ****   all copies and that both that the copyright notice and this
  16:LUFA//Drivers/USB/Core/XMEGA/USBInterrupt_XMEGA.c ****   permission notice and warranty disclaimer appear in supporting
  17:LUFA//Drivers/USB/Core/XMEGA/USBInterrupt_XMEGA.c ****   documentation, and that the name of the author not be used in
  18:LUFA//Drivers/USB/Core/XMEGA/USBInterrupt_XMEGA.c ****   advertising or publicity pertaining to distribution of the
  19:LUFA//Drivers/USB/Core/XMEGA/USBInterrupt_XMEGA.c ****   software without specific, written prior permission.
  20:LUFA//Drivers/USB/Core/XMEGA/USBInterrupt_XMEGA.c **** 
  21:LUFA//Drivers/USB/Core/XMEGA/USBInterrupt_XMEGA.c ****   The author disclaim all warranties with regard to this
  22:LUFA//Drivers/USB/Core/XMEGA/USBInterrupt_XMEGA.c ****   software, including all implied warranties of merchantability
  23:LUFA//Drivers/USB/Core/XMEGA/USBInterrupt_XMEGA.c ****   and fitness.  In no event shall the author be liable for any
  24:LUFA//Drivers/USB/Core/XMEGA/USBInterrupt_XMEGA.c ****   special, indirect or consequential damages or any damages
  25:LUFA//Drivers/USB/Core/XMEGA/USBInterrupt_XMEGA.c ****   whatsoever resulting from loss of use, data or profits, whether
  26:LUFA//Drivers/USB/Core/XMEGA/USBInterrupt_XMEGA.c ****   in an action of contract, negligence or other tortious action,
  27:LUFA//Drivers/USB/Core/XMEGA/USBInterrupt_XMEGA.c ****   arising out of or in connection with the use or performance of
  28:LUFA//Drivers/USB/Core/XMEGA/USBInterrupt_XMEGA.c ****   this software.
  29:LUFA//Drivers/USB/Core/XMEGA/USBInterrupt_XMEGA.c **** */
  30:LUFA//Drivers/USB/Core/XMEGA/USBInterrupt_XMEGA.c **** 
  31:LUFA//Drivers/USB/Core/XMEGA/USBInterrupt_XMEGA.c **** #include "../../../../Common/Common.h"
  32:LUFA//Drivers/USB/Core/XMEGA/USBInterrupt_XMEGA.c **** #if (ARCH == ARCH_XMEGA)
  33:LUFA//Drivers/USB/Core/XMEGA/USBInterrupt_XMEGA.c **** 
  34:LUFA//Drivers/USB/Core/XMEGA/USBInterrupt_XMEGA.c **** #define  __INCLUDE_FROM_USB_DRIVER
  35:LUFA//Drivers/USB/Core/XMEGA/USBInterrupt_XMEGA.c **** #include "../USBInterrupt.h"
  36:LUFA//Drivers/USB/Core/XMEGA/USBInterrupt_XMEGA.c **** 
  37:LUFA//Drivers/USB/Core/XMEGA/USBInterrupt_XMEGA.c **** void USB_INT_DisableAllInterrupts(void)
  38:LUFA//Drivers/USB/Core/XMEGA/USBInterrupt_XMEGA.c **** {
  19               		.loc 1 38 0
  20               		.cfi_startproc
  21               	/* prologue: function */
  22               	/* frame size = 0 */
  23               	/* stack size = 0 */
  24               	.L__stack_usage = 0
  39:LUFA//Drivers/USB/Core/XMEGA/USBInterrupt_XMEGA.c **** 	USB.INTCTRLA    &= USB_INTLVL_gm;
  25               		.loc 1 39 0
  26 0000 E0EC      		ldi r30,lo8(1216)
  27 0002 F4E0      		ldi r31,hi8(1216)
  28 0004 8085      		ldd r24,Z+8
  29 0006 8370      		andi r24,lo8(3)
  30 0008 8087      		std Z+8,r24
  40:LUFA//Drivers/USB/Core/XMEGA/USBInterrupt_XMEGA.c **** 	USB.INTCTRLB     = 0;
  31               		.loc 1 40 0
  32 000a 1186      		std Z+9,__zero_reg__
  33               	/* epilogue start */
  41:LUFA//Drivers/USB/Core/XMEGA/USBInterrupt_XMEGA.c **** }
  34               		.loc 1 41 0
  35 000c 0895      		ret
  36               		.cfi_endproc
  37               	.LFE68:
  39               		.section	.text.USB_INT_ClearAllInterrupts,"ax",@progbits
  40               	.global	USB_INT_ClearAllInterrupts
  42               	USB_INT_ClearAllInterrupts:
  43               	.LFB69:
  42:LUFA//Drivers/USB/Core/XMEGA/USBInterrupt_XMEGA.c **** 
  43:LUFA//Drivers/USB/Core/XMEGA/USBInterrupt_XMEGA.c **** void USB_INT_ClearAllInterrupts(void)
  44:LUFA//Drivers/USB/Core/XMEGA/USBInterrupt_XMEGA.c **** {
  44               		.loc 1 44 0
  45               		.cfi_startproc
  46               	/* prologue: function */
  47               	/* frame size = 0 */
  48               	/* stack size = 0 */
  49               	.L__stack_usage = 0
  45:LUFA//Drivers/USB/Core/XMEGA/USBInterrupt_XMEGA.c **** 	USB.INTFLAGSACLR = 0xFF;
  50               		.loc 1 45 0
  51 0000 E0EC      		ldi r30,lo8(1216)
  52 0002 F4E0      		ldi r31,hi8(1216)
  53 0004 8FEF      		ldi r24,lo8(-1)
  54 0006 8287      		std Z+10,r24
  46:LUFA//Drivers/USB/Core/XMEGA/USBInterrupt_XMEGA.c **** 	USB.INTFLAGSBCLR = 0xFF;
  55               		.loc 1 46 0
  56 0008 8487      		std Z+12,r24
  57               	/* epilogue start */
  47:LUFA//Drivers/USB/Core/XMEGA/USBInterrupt_XMEGA.c **** }
  58               		.loc 1 47 0
  59 000a 0895      		ret
  60               		.cfi_endproc
  61               	.LFE69:
  63               		.section	.text.__vector_125,"ax",@progbits
  64               	.global	__vector_125
  66               	__vector_125:
  67               	.LFB70:
  48:LUFA//Drivers/USB/Core/XMEGA/USBInterrupt_XMEGA.c **** 
  49:LUFA//Drivers/USB/Core/XMEGA/USBInterrupt_XMEGA.c **** ISR(USB_BUSEVENT_vect)
  50:LUFA//Drivers/USB/Core/XMEGA/USBInterrupt_XMEGA.c **** {
  68               		.loc 1 50 0
  69               		.cfi_startproc
  70 0000 1F92      		push r1
  71               	.LCFI0:
  72               		.cfi_def_cfa_offset 3
  73               		.cfi_offset 1, -2
  74 0002 0F92      		push r0
  75               	.LCFI1:
  76               		.cfi_def_cfa_offset 4
  77               		.cfi_offset 0, -3
  78 0004 0FB6      		in r0,__SREG__
  79 0006 0F92      		push r0
  80 0008 1124      		clr __zero_reg__
  81 000a 2F93      		push r18
  82               	.LCFI2:
  83               		.cfi_def_cfa_offset 5
  84               		.cfi_offset 18, -4
  85 000c 3F93      		push r19
  86               	.LCFI3:
  87               		.cfi_def_cfa_offset 6
  88               		.cfi_offset 19, -5
  89 000e 4F93      		push r20
  90               	.LCFI4:
  91               		.cfi_def_cfa_offset 7
  92               		.cfi_offset 20, -6
  93 0010 5F93      		push r21
  94               	.LCFI5:
  95               		.cfi_def_cfa_offset 8
  96               		.cfi_offset 21, -7
  97 0012 6F93      		push r22
  98               	.LCFI6:
  99               		.cfi_def_cfa_offset 9
 100               		.cfi_offset 22, -8
 101 0014 7F93      		push r23
 102               	.LCFI7:
 103               		.cfi_def_cfa_offset 10
 104               		.cfi_offset 23, -9
 105 0016 8F93      		push r24
 106               	.LCFI8:
 107               		.cfi_def_cfa_offset 11
 108               		.cfi_offset 24, -10
 109 0018 9F93      		push r25
 110               	.LCFI9:
 111               		.cfi_def_cfa_offset 12
 112               		.cfi_offset 25, -11
 113 001a AF93      		push r26
 114               	.LCFI10:
 115               		.cfi_def_cfa_offset 13
 116               		.cfi_offset 26, -12
 117 001c BF93      		push r27
 118               	.LCFI11:
 119               		.cfi_def_cfa_offset 14
 120               		.cfi_offset 27, -13
 121 001e EF93      		push r30
 122               	.LCFI12:
 123               		.cfi_def_cfa_offset 15
 124               		.cfi_offset 30, -14
 125 0020 FF93      		push r31
 126               	.LCFI13:
 127               		.cfi_def_cfa_offset 16
 128               		.cfi_offset 31, -15
 129               	/* prologue: Signal */
 130               	/* frame size = 0 */
 131               	/* stack size = 15 */
 132               	.L__stack_usage = 15
 133               	.LVL0:
 134               	.LBB30:
 135               	.LBB31:
 136               		.file 2 "LUFA//Drivers/USB/Core/XMEGA/../XMEGA/USBInterrupt_XMEGA.h"
   1:LUFA//Drivers/USB/Core/XMEGA/../XMEGA/USBInterrupt_XMEGA.h **** /*
   2:LUFA//Drivers/USB/Core/XMEGA/../XMEGA/USBInterrupt_XMEGA.h ****              LUFA Library
   3:LUFA//Drivers/USB/Core/XMEGA/../XMEGA/USBInterrupt_XMEGA.h ****      Copyright (C) Dean Camera, 2012.
   4:LUFA//Drivers/USB/Core/XMEGA/../XMEGA/USBInterrupt_XMEGA.h **** 
   5:LUFA//Drivers/USB/Core/XMEGA/../XMEGA/USBInterrupt_XMEGA.h ****   dean [at] fourwalledcubicle [dot] com
   6:LUFA//Drivers/USB/Core/XMEGA/../XMEGA/USBInterrupt_XMEGA.h ****            www.lufa-lib.org
   7:LUFA//Drivers/USB/Core/XMEGA/../XMEGA/USBInterrupt_XMEGA.h **** */
   8:LUFA//Drivers/USB/Core/XMEGA/../XMEGA/USBInterrupt_XMEGA.h **** 
   9:LUFA//Drivers/USB/Core/XMEGA/../XMEGA/USBInterrupt_XMEGA.h **** /*
  10:LUFA//Drivers/USB/Core/XMEGA/../XMEGA/USBInterrupt_XMEGA.h ****   Copyright 2012  Dean Camera (dean [at] fourwalledcubicle [dot] com)
  11:LUFA//Drivers/USB/Core/XMEGA/../XMEGA/USBInterrupt_XMEGA.h **** 
  12:LUFA//Drivers/USB/Core/XMEGA/../XMEGA/USBInterrupt_XMEGA.h ****   Permission to use, copy, modify, distribute, and sell this
  13:LUFA//Drivers/USB/Core/XMEGA/../XMEGA/USBInterrupt_XMEGA.h ****   software and its documentation for any purpose is hereby granted
  14:LUFA//Drivers/USB/Core/XMEGA/../XMEGA/USBInterrupt_XMEGA.h ****   without fee, provided that the above copyright notice appear in
  15:LUFA//Drivers/USB/Core/XMEGA/../XMEGA/USBInterrupt_XMEGA.h ****   all copies and that both that the copyright notice and this
  16:LUFA//Drivers/USB/Core/XMEGA/../XMEGA/USBInterrupt_XMEGA.h ****   permission notice and warranty disclaimer appear in supporting
  17:LUFA//Drivers/USB/Core/XMEGA/../XMEGA/USBInterrupt_XMEGA.h ****   documentation, and that the name of the author not be used in
  18:LUFA//Drivers/USB/Core/XMEGA/../XMEGA/USBInterrupt_XMEGA.h ****   advertising or publicity pertaining to distribution of the
  19:LUFA//Drivers/USB/Core/XMEGA/../XMEGA/USBInterrupt_XMEGA.h ****   software without specific, written prior permission.
  20:LUFA//Drivers/USB/Core/XMEGA/../XMEGA/USBInterrupt_XMEGA.h **** 
  21:LUFA//Drivers/USB/Core/XMEGA/../XMEGA/USBInterrupt_XMEGA.h ****   The author disclaim all warranties with regard to this
  22:LUFA//Drivers/USB/Core/XMEGA/../XMEGA/USBInterrupt_XMEGA.h ****   software, including all implied warranties of merchantability
  23:LUFA//Drivers/USB/Core/XMEGA/../XMEGA/USBInterrupt_XMEGA.h ****   and fitness.  In no event shall the author be liable for any
  24:LUFA//Drivers/USB/Core/XMEGA/../XMEGA/USBInterrupt_XMEGA.h ****   special, indirect or consequential damages or any damages
  25:LUFA//Drivers/USB/Core/XMEGA/../XMEGA/USBInterrupt_XMEGA.h ****   whatsoever resulting from loss of use, data or profits, whether
  26:LUFA//Drivers/USB/Core/XMEGA/../XMEGA/USBInterrupt_XMEGA.h ****   in an action of contract, negligence or other tortious action,
  27:LUFA//Drivers/USB/Core/XMEGA/../XMEGA/USBInterrupt_XMEGA.h ****   arising out of or in connection with the use or performance of
  28:LUFA//Drivers/USB/Core/XMEGA/../XMEGA/USBInterrupt_XMEGA.h ****   this software.
  29:LUFA//Drivers/USB/Core/XMEGA/../XMEGA/USBInterrupt_XMEGA.h **** */
  30:LUFA//Drivers/USB/Core/XMEGA/../XMEGA/USBInterrupt_XMEGA.h **** 
  31:LUFA//Drivers/USB/Core/XMEGA/../XMEGA/USBInterrupt_XMEGA.h **** /** \file
  32:LUFA//Drivers/USB/Core/XMEGA/../XMEGA/USBInterrupt_XMEGA.h ****  *  \brief USB Controller Interrupt definitions for the AVR XMEGA microcontrollers.
  33:LUFA//Drivers/USB/Core/XMEGA/../XMEGA/USBInterrupt_XMEGA.h ****  *
  34:LUFA//Drivers/USB/Core/XMEGA/../XMEGA/USBInterrupt_XMEGA.h ****  *  This file contains definitions required for the correct handling of low level USB service routi
  35:LUFA//Drivers/USB/Core/XMEGA/../XMEGA/USBInterrupt_XMEGA.h ****  *  from the USB controller.
  36:LUFA//Drivers/USB/Core/XMEGA/../XMEGA/USBInterrupt_XMEGA.h ****  *
  37:LUFA//Drivers/USB/Core/XMEGA/../XMEGA/USBInterrupt_XMEGA.h ****  *  \note This file should not be included directly. It is automatically included as needed by the 
  38:LUFA//Drivers/USB/Core/XMEGA/../XMEGA/USBInterrupt_XMEGA.h ****  *        dispatch header located in LUFA/Drivers/USB/USB.h.
  39:LUFA//Drivers/USB/Core/XMEGA/../XMEGA/USBInterrupt_XMEGA.h ****  */
  40:LUFA//Drivers/USB/Core/XMEGA/../XMEGA/USBInterrupt_XMEGA.h **** 
  41:LUFA//Drivers/USB/Core/XMEGA/../XMEGA/USBInterrupt_XMEGA.h **** #ifndef __USBINTERRUPT_XMEGA_H__
  42:LUFA//Drivers/USB/Core/XMEGA/../XMEGA/USBInterrupt_XMEGA.h **** #define __USBINTERRUPT_XMEGA_H__
  43:LUFA//Drivers/USB/Core/XMEGA/../XMEGA/USBInterrupt_XMEGA.h **** 
  44:LUFA//Drivers/USB/Core/XMEGA/../XMEGA/USBInterrupt_XMEGA.h **** 	/* Includes: */
  45:LUFA//Drivers/USB/Core/XMEGA/../XMEGA/USBInterrupt_XMEGA.h **** 		#include "../../../../Common/Common.h"
  46:LUFA//Drivers/USB/Core/XMEGA/../XMEGA/USBInterrupt_XMEGA.h **** 
  47:LUFA//Drivers/USB/Core/XMEGA/../XMEGA/USBInterrupt_XMEGA.h **** 	/* Enable C linkage for C++ Compilers: */
  48:LUFA//Drivers/USB/Core/XMEGA/../XMEGA/USBInterrupt_XMEGA.h **** 		#if defined(__cplusplus)
  49:LUFA//Drivers/USB/Core/XMEGA/../XMEGA/USBInterrupt_XMEGA.h **** 			extern "C" {
  50:LUFA//Drivers/USB/Core/XMEGA/../XMEGA/USBInterrupt_XMEGA.h **** 		#endif
  51:LUFA//Drivers/USB/Core/XMEGA/../XMEGA/USBInterrupt_XMEGA.h **** 
  52:LUFA//Drivers/USB/Core/XMEGA/../XMEGA/USBInterrupt_XMEGA.h **** 	/* Preprocessor Checks: */
  53:LUFA//Drivers/USB/Core/XMEGA/../XMEGA/USBInterrupt_XMEGA.h **** 		#if !defined(__INCLUDE_FROM_USB_DRIVER)
  54:LUFA//Drivers/USB/Core/XMEGA/../XMEGA/USBInterrupt_XMEGA.h **** 			#error Do not include this file directly. Include LUFA/Drivers/USB/USB.h instead.
  55:LUFA//Drivers/USB/Core/XMEGA/../XMEGA/USBInterrupt_XMEGA.h **** 		#endif
  56:LUFA//Drivers/USB/Core/XMEGA/../XMEGA/USBInterrupt_XMEGA.h **** 
  57:LUFA//Drivers/USB/Core/XMEGA/../XMEGA/USBInterrupt_XMEGA.h **** 	/* Private Interface - For use in library only: */
  58:LUFA//Drivers/USB/Core/XMEGA/../XMEGA/USBInterrupt_XMEGA.h **** 	#if !defined(__DOXYGEN__)
  59:LUFA//Drivers/USB/Core/XMEGA/../XMEGA/USBInterrupt_XMEGA.h **** 		/* Enums: */
  60:LUFA//Drivers/USB/Core/XMEGA/../XMEGA/USBInterrupt_XMEGA.h **** 			enum USB_Interrupts_t
  61:LUFA//Drivers/USB/Core/XMEGA/../XMEGA/USBInterrupt_XMEGA.h **** 			{
  62:LUFA//Drivers/USB/Core/XMEGA/../XMEGA/USBInterrupt_XMEGA.h **** 				USB_INT_BUSEVENTI         = 1,
  63:LUFA//Drivers/USB/Core/XMEGA/../XMEGA/USBInterrupt_XMEGA.h **** 				USB_INT_BUSEVENTI_Suspend = 2,
  64:LUFA//Drivers/USB/Core/XMEGA/../XMEGA/USBInterrupt_XMEGA.h **** 				USB_INT_BUSEVENTI_Resume  = 3,
  65:LUFA//Drivers/USB/Core/XMEGA/../XMEGA/USBInterrupt_XMEGA.h **** 				USB_INT_BUSEVENTI_Reset   = 4,
  66:LUFA//Drivers/USB/Core/XMEGA/../XMEGA/USBInterrupt_XMEGA.h **** 				USB_INT_SOFI              = 5,
  67:LUFA//Drivers/USB/Core/XMEGA/../XMEGA/USBInterrupt_XMEGA.h **** 			};
  68:LUFA//Drivers/USB/Core/XMEGA/../XMEGA/USBInterrupt_XMEGA.h **** 
  69:LUFA//Drivers/USB/Core/XMEGA/../XMEGA/USBInterrupt_XMEGA.h **** 		/* Inline Functions: */
  70:LUFA//Drivers/USB/Core/XMEGA/../XMEGA/USBInterrupt_XMEGA.h **** 			static inline void USB_INT_Enable(const uint8_t Interrupt) ATTR_ALWAYS_INLINE;
  71:LUFA//Drivers/USB/Core/XMEGA/../XMEGA/USBInterrupt_XMEGA.h **** 			static inline void USB_INT_Enable(const uint8_t Interrupt)
  72:LUFA//Drivers/USB/Core/XMEGA/../XMEGA/USBInterrupt_XMEGA.h **** 			{
  73:LUFA//Drivers/USB/Core/XMEGA/../XMEGA/USBInterrupt_XMEGA.h **** 				switch (Interrupt)
  74:LUFA//Drivers/USB/Core/XMEGA/../XMEGA/USBInterrupt_XMEGA.h **** 				{
  75:LUFA//Drivers/USB/Core/XMEGA/../XMEGA/USBInterrupt_XMEGA.h **** 					case USB_INT_BUSEVENTI:
  76:LUFA//Drivers/USB/Core/XMEGA/../XMEGA/USBInterrupt_XMEGA.h **** 						USB.INTCTRLA |= USB_BUSEVIE_bm;
  77:LUFA//Drivers/USB/Core/XMEGA/../XMEGA/USBInterrupt_XMEGA.h **** 						break;
  78:LUFA//Drivers/USB/Core/XMEGA/../XMEGA/USBInterrupt_XMEGA.h **** 					case USB_INT_SOFI:
  79:LUFA//Drivers/USB/Core/XMEGA/../XMEGA/USBInterrupt_XMEGA.h **** 						USB.INTCTRLA |= USB_SOFIE_bm;
  80:LUFA//Drivers/USB/Core/XMEGA/../XMEGA/USBInterrupt_XMEGA.h **** 						break;
  81:LUFA//Drivers/USB/Core/XMEGA/../XMEGA/USBInterrupt_XMEGA.h **** 					default:
  82:LUFA//Drivers/USB/Core/XMEGA/../XMEGA/USBInterrupt_XMEGA.h **** 						break;
  83:LUFA//Drivers/USB/Core/XMEGA/../XMEGA/USBInterrupt_XMEGA.h **** 				}
  84:LUFA//Drivers/USB/Core/XMEGA/../XMEGA/USBInterrupt_XMEGA.h **** 			}
  85:LUFA//Drivers/USB/Core/XMEGA/../XMEGA/USBInterrupt_XMEGA.h **** 
  86:LUFA//Drivers/USB/Core/XMEGA/../XMEGA/USBInterrupt_XMEGA.h **** 			static inline void USB_INT_Disable(const uint8_t Interrupt) ATTR_ALWAYS_INLINE;
  87:LUFA//Drivers/USB/Core/XMEGA/../XMEGA/USBInterrupt_XMEGA.h **** 			static inline void USB_INT_Disable(const uint8_t Interrupt)
  88:LUFA//Drivers/USB/Core/XMEGA/../XMEGA/USBInterrupt_XMEGA.h **** 			{
  89:LUFA//Drivers/USB/Core/XMEGA/../XMEGA/USBInterrupt_XMEGA.h **** 				switch (Interrupt)
  90:LUFA//Drivers/USB/Core/XMEGA/../XMEGA/USBInterrupt_XMEGA.h **** 				{
  91:LUFA//Drivers/USB/Core/XMEGA/../XMEGA/USBInterrupt_XMEGA.h **** 					case USB_INT_BUSEVENTI:
  92:LUFA//Drivers/USB/Core/XMEGA/../XMEGA/USBInterrupt_XMEGA.h **** 						USB.INTCTRLA &= ~USB_BUSEVIE_bm;
  93:LUFA//Drivers/USB/Core/XMEGA/../XMEGA/USBInterrupt_XMEGA.h **** 						break;
  94:LUFA//Drivers/USB/Core/XMEGA/../XMEGA/USBInterrupt_XMEGA.h **** 					case USB_INT_SOFI:
  95:LUFA//Drivers/USB/Core/XMEGA/../XMEGA/USBInterrupt_XMEGA.h **** 						USB.INTCTRLA &= ~USB_SOFIE_bm;
  96:LUFA//Drivers/USB/Core/XMEGA/../XMEGA/USBInterrupt_XMEGA.h **** 						break;
  97:LUFA//Drivers/USB/Core/XMEGA/../XMEGA/USBInterrupt_XMEGA.h **** 					default:
  98:LUFA//Drivers/USB/Core/XMEGA/../XMEGA/USBInterrupt_XMEGA.h **** 						break;
  99:LUFA//Drivers/USB/Core/XMEGA/../XMEGA/USBInterrupt_XMEGA.h **** 				}
 100:LUFA//Drivers/USB/Core/XMEGA/../XMEGA/USBInterrupt_XMEGA.h **** 			}
 101:LUFA//Drivers/USB/Core/XMEGA/../XMEGA/USBInterrupt_XMEGA.h **** 
 102:LUFA//Drivers/USB/Core/XMEGA/../XMEGA/USBInterrupt_XMEGA.h **** 			static inline void USB_INT_Clear(const uint8_t Interrupt) ATTR_ALWAYS_INLINE;
 103:LUFA//Drivers/USB/Core/XMEGA/../XMEGA/USBInterrupt_XMEGA.h **** 			static inline void USB_INT_Clear(const uint8_t Interrupt)
 104:LUFA//Drivers/USB/Core/XMEGA/../XMEGA/USBInterrupt_XMEGA.h **** 			{
 105:LUFA//Drivers/USB/Core/XMEGA/../XMEGA/USBInterrupt_XMEGA.h **** 				switch (Interrupt)
 106:LUFA//Drivers/USB/Core/XMEGA/../XMEGA/USBInterrupt_XMEGA.h **** 				{
 107:LUFA//Drivers/USB/Core/XMEGA/../XMEGA/USBInterrupt_XMEGA.h **** 					case USB_INT_BUSEVENTI_Suspend:
 108:LUFA//Drivers/USB/Core/XMEGA/../XMEGA/USBInterrupt_XMEGA.h **** 						USB.INTFLAGSACLR = USB_SUSPENDIF_bm;
 109:LUFA//Drivers/USB/Core/XMEGA/../XMEGA/USBInterrupt_XMEGA.h **** 						break;
 110:LUFA//Drivers/USB/Core/XMEGA/../XMEGA/USBInterrupt_XMEGA.h **** 					case USB_INT_BUSEVENTI_Resume:
 111:LUFA//Drivers/USB/Core/XMEGA/../XMEGA/USBInterrupt_XMEGA.h **** 						USB.INTFLAGSACLR = USB_RESUMEIF_bm;
 112:LUFA//Drivers/USB/Core/XMEGA/../XMEGA/USBInterrupt_XMEGA.h **** 						break;
 113:LUFA//Drivers/USB/Core/XMEGA/../XMEGA/USBInterrupt_XMEGA.h **** 					case USB_INT_BUSEVENTI_Reset:
 114:LUFA//Drivers/USB/Core/XMEGA/../XMEGA/USBInterrupt_XMEGA.h **** 						USB.INTFLAGSACLR = USB_RSTIF_bm;
 115:LUFA//Drivers/USB/Core/XMEGA/../XMEGA/USBInterrupt_XMEGA.h **** 						break;
 116:LUFA//Drivers/USB/Core/XMEGA/../XMEGA/USBInterrupt_XMEGA.h **** 					case USB_INT_SOFI:
 117:LUFA//Drivers/USB/Core/XMEGA/../XMEGA/USBInterrupt_XMEGA.h **** 						USB.INTFLAGSACLR = USB_SOFIF_bm;
 118:LUFA//Drivers/USB/Core/XMEGA/../XMEGA/USBInterrupt_XMEGA.h **** 						break;
 119:LUFA//Drivers/USB/Core/XMEGA/../XMEGA/USBInterrupt_XMEGA.h **** 					default:
 120:LUFA//Drivers/USB/Core/XMEGA/../XMEGA/USBInterrupt_XMEGA.h **** 						break;
 121:LUFA//Drivers/USB/Core/XMEGA/../XMEGA/USBInterrupt_XMEGA.h **** 				}
 122:LUFA//Drivers/USB/Core/XMEGA/../XMEGA/USBInterrupt_XMEGA.h **** 			}
 123:LUFA//Drivers/USB/Core/XMEGA/../XMEGA/USBInterrupt_XMEGA.h **** 
 124:LUFA//Drivers/USB/Core/XMEGA/../XMEGA/USBInterrupt_XMEGA.h **** 			static inline bool USB_INT_IsEnabled(const uint8_t Interrupt) ATTR_ALWAYS_INLINE ATTR_WARN_UNUSE
 125:LUFA//Drivers/USB/Core/XMEGA/../XMEGA/USBInterrupt_XMEGA.h **** 			static inline bool USB_INT_IsEnabled(const uint8_t Interrupt)
 126:LUFA//Drivers/USB/Core/XMEGA/../XMEGA/USBInterrupt_XMEGA.h **** 			{
 127:LUFA//Drivers/USB/Core/XMEGA/../XMEGA/USBInterrupt_XMEGA.h **** 				switch (Interrupt)
 128:LUFA//Drivers/USB/Core/XMEGA/../XMEGA/USBInterrupt_XMEGA.h **** 				{
 129:LUFA//Drivers/USB/Core/XMEGA/../XMEGA/USBInterrupt_XMEGA.h **** 					case USB_INT_BUSEVENTI:
 130:LUFA//Drivers/USB/Core/XMEGA/../XMEGA/USBInterrupt_XMEGA.h **** 						return ((USB.INTCTRLA & USB_BUSEVIE_bm) ? true : false);
 131:LUFA//Drivers/USB/Core/XMEGA/../XMEGA/USBInterrupt_XMEGA.h **** 					case USB_INT_SOFI:
 132:LUFA//Drivers/USB/Core/XMEGA/../XMEGA/USBInterrupt_XMEGA.h **** 						return ((USB.INTCTRLA & USB_SOFIE_bm) ? true : false);
 133:LUFA//Drivers/USB/Core/XMEGA/../XMEGA/USBInterrupt_XMEGA.h **** 					default:
 134:LUFA//Drivers/USB/Core/XMEGA/../XMEGA/USBInterrupt_XMEGA.h **** 						return false;
 135:LUFA//Drivers/USB/Core/XMEGA/../XMEGA/USBInterrupt_XMEGA.h **** 				}
 136:LUFA//Drivers/USB/Core/XMEGA/../XMEGA/USBInterrupt_XMEGA.h **** 			}
 137:LUFA//Drivers/USB/Core/XMEGA/../XMEGA/USBInterrupt_XMEGA.h **** 
 138:LUFA//Drivers/USB/Core/XMEGA/../XMEGA/USBInterrupt_XMEGA.h **** 			static inline bool USB_INT_HasOccurred(const uint8_t Interrupt) ATTR_ALWAYS_INLINE ATTR_WARN_UNU
 139:LUFA//Drivers/USB/Core/XMEGA/../XMEGA/USBInterrupt_XMEGA.h **** 			static inline bool USB_INT_HasOccurred(const uint8_t Interrupt)
 140:LUFA//Drivers/USB/Core/XMEGA/../XMEGA/USBInterrupt_XMEGA.h **** 			{
 141:LUFA//Drivers/USB/Core/XMEGA/../XMEGA/USBInterrupt_XMEGA.h **** 				switch (Interrupt)
 142:LUFA//Drivers/USB/Core/XMEGA/../XMEGA/USBInterrupt_XMEGA.h **** 				{
 143:LUFA//Drivers/USB/Core/XMEGA/../XMEGA/USBInterrupt_XMEGA.h **** 					case USB_INT_BUSEVENTI_Suspend:
 144:LUFA//Drivers/USB/Core/XMEGA/../XMEGA/USBInterrupt_XMEGA.h **** 						return ((USB.INTFLAGSACLR & USB_SUSPENDIF_bm) ? true : false);
 145:LUFA//Drivers/USB/Core/XMEGA/../XMEGA/USBInterrupt_XMEGA.h **** 					case USB_INT_BUSEVENTI_Resume:
 146:LUFA//Drivers/USB/Core/XMEGA/../XMEGA/USBInterrupt_XMEGA.h **** 						return ((USB.INTFLAGSACLR & USB_RESUMEIF_bm) ? true : false);
 147:LUFA//Drivers/USB/Core/XMEGA/../XMEGA/USBInterrupt_XMEGA.h **** 					case USB_INT_BUSEVENTI_Reset:
 148:LUFA//Drivers/USB/Core/XMEGA/../XMEGA/USBInterrupt_XMEGA.h **** 						return ((USB.INTFLAGSACLR & USB_RSTIF_bm) ? true : false);
 149:LUFA//Drivers/USB/Core/XMEGA/../XMEGA/USBInterrupt_XMEGA.h **** 					case USB_INT_SOFI:
 150:LUFA//Drivers/USB/Core/XMEGA/../XMEGA/USBInterrupt_XMEGA.h **** 						return ((USB.INTFLAGSACLR & USB_SOFIF_bm) ? true : false);
 137               		.loc 2 150 0
 138 0022 8091 CA04 		lds r24,1226
 139               	.LBE31:
 140               	.LBE30:
  51:LUFA//Drivers/USB/Core/XMEGA/USBInterrupt_XMEGA.c **** 	#if !defined(NO_SOF_EVENTS)
  52:LUFA//Drivers/USB/Core/XMEGA/USBInterrupt_XMEGA.c **** 	if (USB_INT_HasOccurred(USB_INT_SOFI) && USB_INT_IsEnabled(USB_INT_SOFI))
 141               		.loc 1 52 0
 142 0026 87FF      		sbrs r24,7
 143 0028 00C0      		rjmp .L4
 144               	.LVL1:
 145               	.LBB32:
 146               	.LBB33:
 132:LUFA//Drivers/USB/Core/XMEGA/../XMEGA/USBInterrupt_XMEGA.h **** 						return ((USB.INTCTRLA & USB_SOFIE_bm) ? true : false);
 147               		.loc 2 132 0
 148 002a 8091 C804 		lds r24,1224
 149               	.LBE33:
 150               	.LBE32:
 151               		.loc 1 52 0
 152 002e 87FF      		sbrs r24,7
 153 0030 00C0      		rjmp .L4
 154               	.LVL2:
 155               	.LBB34:
 156               	.LBB35:
 117:LUFA//Drivers/USB/Core/XMEGA/../XMEGA/USBInterrupt_XMEGA.h **** 						USB.INTFLAGSACLR = USB_SOFIF_bm;
 157               		.loc 2 117 0
 158 0032 80E8      		ldi r24,lo8(-128)
 159 0034 E0EC      		ldi r30,lo8(1216)
 160 0036 F4E0      		ldi r31,hi8(1216)
 161 0038 8287      		std Z+10,r24
 162               	.LBE35:
 163               	.LBE34:
  53:LUFA//Drivers/USB/Core/XMEGA/USBInterrupt_XMEGA.c **** 	{
  54:LUFA//Drivers/USB/Core/XMEGA/USBInterrupt_XMEGA.c **** 		USB_INT_Clear(USB_INT_SOFI);
  55:LUFA//Drivers/USB/Core/XMEGA/USBInterrupt_XMEGA.c **** 
  56:LUFA//Drivers/USB/Core/XMEGA/USBInterrupt_XMEGA.c **** 		EVENT_USB_Device_StartOfFrame();
 164               		.loc 1 56 0
 165 003a 0E94 0000 		call EVENT_USB_Device_StartOfFrame
 166               	.LVL3:
 167               	.L4:
 168               	.LBB36:
 169               	.LBB37:
 144:LUFA//Drivers/USB/Core/XMEGA/../XMEGA/USBInterrupt_XMEGA.h **** 						return ((USB.INTFLAGSACLR & USB_SUSPENDIF_bm) ? true : false);
 170               		.loc 2 144 0
 171 003e 8091 CA04 		lds r24,1226
 172               	.LBE37:
 173               	.LBE36:
  57:LUFA//Drivers/USB/Core/XMEGA/USBInterrupt_XMEGA.c **** 	}
  58:LUFA//Drivers/USB/Core/XMEGA/USBInterrupt_XMEGA.c **** 	#endif
  59:LUFA//Drivers/USB/Core/XMEGA/USBInterrupt_XMEGA.c **** 
  60:LUFA//Drivers/USB/Core/XMEGA/USBInterrupt_XMEGA.c **** 	if (USB_INT_HasOccurred(USB_INT_BUSEVENTI_Suspend))
 174               		.loc 1 60 0
 175 0042 86FF      		sbrs r24,6
 176 0044 00C0      		rjmp .L5
 177               	.LVL4:
 178               	.LBB38:
 179               	.LBB39:
 108:LUFA//Drivers/USB/Core/XMEGA/../XMEGA/USBInterrupt_XMEGA.h **** 						USB.INTFLAGSACLR = USB_SUSPENDIF_bm;
 180               		.loc 2 108 0
 181 0046 80E4      		ldi r24,lo8(64)
 182 0048 E0EC      		ldi r30,lo8(1216)
 183 004a F4E0      		ldi r31,hi8(1216)
 184 004c 8287      		std Z+10,r24
 185               	.LBE39:
 186               	.LBE38:
  61:LUFA//Drivers/USB/Core/XMEGA/USBInterrupt_XMEGA.c **** 	{
  62:LUFA//Drivers/USB/Core/XMEGA/USBInterrupt_XMEGA.c **** 		USB_INT_Clear(USB_INT_BUSEVENTI_Suspend);
  63:LUFA//Drivers/USB/Core/XMEGA/USBInterrupt_XMEGA.c **** 
  64:LUFA//Drivers/USB/Core/XMEGA/USBInterrupt_XMEGA.c **** 		#if !defined(NO_LIMITED_CONTROLLER_CONNECT)
  65:LUFA//Drivers/USB/Core/XMEGA/USBInterrupt_XMEGA.c **** 		USB_DeviceState = DEVICE_STATE_Unattached;
 187               		.loc 1 65 0
 188 004e 1092 0000 		sts USB_DeviceState,__zero_reg__
  66:LUFA//Drivers/USB/Core/XMEGA/USBInterrupt_XMEGA.c **** 		EVENT_USB_Device_Disconnect();
 189               		.loc 1 66 0
 190 0052 0E94 0000 		call EVENT_USB_Device_Disconnect
 191               	.LVL5:
 192               	.L5:
 193               	.LBB40:
 194               	.LBB41:
 146:LUFA//Drivers/USB/Core/XMEGA/../XMEGA/USBInterrupt_XMEGA.h **** 						return ((USB.INTFLAGSACLR & USB_RESUMEIF_bm) ? true : false);
 195               		.loc 2 146 0
 196 0056 8091 CA04 		lds r24,1226
 197               	.LBE41:
 198               	.LBE40:
  67:LUFA//Drivers/USB/Core/XMEGA/USBInterrupt_XMEGA.c **** 		#else
  68:LUFA//Drivers/USB/Core/XMEGA/USBInterrupt_XMEGA.c **** 		USB_DeviceState = DEVICE_STATE_Suspended;
  69:LUFA//Drivers/USB/Core/XMEGA/USBInterrupt_XMEGA.c **** 		EVENT_USB_Device_Suspend();
  70:LUFA//Drivers/USB/Core/XMEGA/USBInterrupt_XMEGA.c **** 		#endif
  71:LUFA//Drivers/USB/Core/XMEGA/USBInterrupt_XMEGA.c **** 	}
  72:LUFA//Drivers/USB/Core/XMEGA/USBInterrupt_XMEGA.c **** 
  73:LUFA//Drivers/USB/Core/XMEGA/USBInterrupt_XMEGA.c **** 	if (USB_INT_HasOccurred(USB_INT_BUSEVENTI_Resume))
 199               		.loc 1 73 0
 200 005a 85FF      		sbrs r24,5
 201 005c 00C0      		rjmp .L6
 202               	.LVL6:
 203               	.LBB42:
 204               	.LBB43:
 111:LUFA//Drivers/USB/Core/XMEGA/../XMEGA/USBInterrupt_XMEGA.h **** 						USB.INTFLAGSACLR = USB_RESUMEIF_bm;
 205               		.loc 2 111 0
 206 005e 80E2      		ldi r24,lo8(32)
 207 0060 E0EC      		ldi r30,lo8(1216)
 208 0062 F4E0      		ldi r31,hi8(1216)
 209 0064 8287      		std Z+10,r24
 210               	.LBE43:
 211               	.LBE42:
  74:LUFA//Drivers/USB/Core/XMEGA/USBInterrupt_XMEGA.c **** 	{
  75:LUFA//Drivers/USB/Core/XMEGA/USBInterrupt_XMEGA.c **** 		USB_INT_Clear(USB_INT_BUSEVENTI_Resume);
  76:LUFA//Drivers/USB/Core/XMEGA/USBInterrupt_XMEGA.c **** 
  77:LUFA//Drivers/USB/Core/XMEGA/USBInterrupt_XMEGA.c **** 		if (USB_Device_ConfigurationNumber)
 212               		.loc 1 77 0
 213 0066 8091 0000 		lds r24,USB_Device_ConfigurationNumber
 214 006a 8823      		tst r24
 215 006c 01F4      		brne .L12
 216               	.L7:
 217               	.LBB44:
 218               	.LBB45:
 219               		.file 3 "LUFA//Drivers/USB/Core/XMEGA/../XMEGA/../XMEGA/../XMEGA/Device_XMEGA.h"
   1:LUFA//Drivers/USB/Core/XMEGA/../XMEGA/../XMEGA/../XMEGA/Device_XMEGA.h **** /*
   2:LUFA//Drivers/USB/Core/XMEGA/../XMEGA/../XMEGA/../XMEGA/Device_XMEGA.h ****              LUFA Library
   3:LUFA//Drivers/USB/Core/XMEGA/../XMEGA/../XMEGA/../XMEGA/Device_XMEGA.h ****      Copyright (C) Dean Camera, 2012.
   4:LUFA//Drivers/USB/Core/XMEGA/../XMEGA/../XMEGA/../XMEGA/Device_XMEGA.h **** 
   5:LUFA//Drivers/USB/Core/XMEGA/../XMEGA/../XMEGA/../XMEGA/Device_XMEGA.h ****   dean [at] fourwalledcubicle [dot] com
   6:LUFA//Drivers/USB/Core/XMEGA/../XMEGA/../XMEGA/../XMEGA/Device_XMEGA.h ****            www.lufa-lib.org
   7:LUFA//Drivers/USB/Core/XMEGA/../XMEGA/../XMEGA/../XMEGA/Device_XMEGA.h **** */
   8:LUFA//Drivers/USB/Core/XMEGA/../XMEGA/../XMEGA/../XMEGA/Device_XMEGA.h **** 
   9:LUFA//Drivers/USB/Core/XMEGA/../XMEGA/../XMEGA/../XMEGA/Device_XMEGA.h **** /*
  10:LUFA//Drivers/USB/Core/XMEGA/../XMEGA/../XMEGA/../XMEGA/Device_XMEGA.h ****   Copyright 2012  Dean Camera (dean [at] fourwalledcubicle [dot] com)
  11:LUFA//Drivers/USB/Core/XMEGA/../XMEGA/../XMEGA/../XMEGA/Device_XMEGA.h **** 
  12:LUFA//Drivers/USB/Core/XMEGA/../XMEGA/../XMEGA/../XMEGA/Device_XMEGA.h ****   Permission to use, copy, modify, distribute, and sell this
  13:LUFA//Drivers/USB/Core/XMEGA/../XMEGA/../XMEGA/../XMEGA/Device_XMEGA.h ****   software and its documentation for any purpose is hereby granted
  14:LUFA//Drivers/USB/Core/XMEGA/../XMEGA/../XMEGA/../XMEGA/Device_XMEGA.h ****   without fee, provided that the above copyright notice appear in
  15:LUFA//Drivers/USB/Core/XMEGA/../XMEGA/../XMEGA/../XMEGA/Device_XMEGA.h ****   all copies and that both that the copyright notice and this
  16:LUFA//Drivers/USB/Core/XMEGA/../XMEGA/../XMEGA/../XMEGA/Device_XMEGA.h ****   permission notice and warranty disclaimer appear in supporting
  17:LUFA//Drivers/USB/Core/XMEGA/../XMEGA/../XMEGA/../XMEGA/Device_XMEGA.h ****   documentation, and that the name of the author not be used in
  18:LUFA//Drivers/USB/Core/XMEGA/../XMEGA/../XMEGA/../XMEGA/Device_XMEGA.h ****   advertising or publicity pertaining to distribution of the
  19:LUFA//Drivers/USB/Core/XMEGA/../XMEGA/../XMEGA/../XMEGA/Device_XMEGA.h ****   software without specific, written prior permission.
  20:LUFA//Drivers/USB/Core/XMEGA/../XMEGA/../XMEGA/../XMEGA/Device_XMEGA.h **** 
  21:LUFA//Drivers/USB/Core/XMEGA/../XMEGA/../XMEGA/../XMEGA/Device_XMEGA.h ****   The author disclaim all warranties with regard to this
  22:LUFA//Drivers/USB/Core/XMEGA/../XMEGA/../XMEGA/../XMEGA/Device_XMEGA.h ****   software, including all implied warranties of merchantability
  23:LUFA//Drivers/USB/Core/XMEGA/../XMEGA/../XMEGA/../XMEGA/Device_XMEGA.h ****   and fitness.  In no event shall the author be liable for any
  24:LUFA//Drivers/USB/Core/XMEGA/../XMEGA/../XMEGA/../XMEGA/Device_XMEGA.h ****   special, indirect or consequential damages or any damages
  25:LUFA//Drivers/USB/Core/XMEGA/../XMEGA/../XMEGA/../XMEGA/Device_XMEGA.h ****   whatsoever resulting from loss of use, data or profits, whether
  26:LUFA//Drivers/USB/Core/XMEGA/../XMEGA/../XMEGA/../XMEGA/Device_XMEGA.h ****   in an action of contract, negligence or other tortious action,
  27:LUFA//Drivers/USB/Core/XMEGA/../XMEGA/../XMEGA/../XMEGA/Device_XMEGA.h ****   arising out of or in connection with the use or performance of
  28:LUFA//Drivers/USB/Core/XMEGA/../XMEGA/../XMEGA/../XMEGA/Device_XMEGA.h ****   this software.
  29:LUFA//Drivers/USB/Core/XMEGA/../XMEGA/../XMEGA/../XMEGA/Device_XMEGA.h **** */
  30:LUFA//Drivers/USB/Core/XMEGA/../XMEGA/../XMEGA/../XMEGA/Device_XMEGA.h **** 
  31:LUFA//Drivers/USB/Core/XMEGA/../XMEGA/../XMEGA/../XMEGA/Device_XMEGA.h **** /** \file
  32:LUFA//Drivers/USB/Core/XMEGA/../XMEGA/../XMEGA/../XMEGA/Device_XMEGA.h ****  *  \brief USB Device definitions for the AVR XMEGA microcontrollers.
  33:LUFA//Drivers/USB/Core/XMEGA/../XMEGA/../XMEGA/../XMEGA/Device_XMEGA.h ****  *  \copydetails Group_Device_XMEGA
  34:LUFA//Drivers/USB/Core/XMEGA/../XMEGA/../XMEGA/../XMEGA/Device_XMEGA.h ****  *
  35:LUFA//Drivers/USB/Core/XMEGA/../XMEGA/../XMEGA/../XMEGA/Device_XMEGA.h ****  *  \note This file should not be included directly. It is automatically included as needed by the 
  36:LUFA//Drivers/USB/Core/XMEGA/../XMEGA/../XMEGA/../XMEGA/Device_XMEGA.h ****  *        dispatch header located in LUFA/Drivers/USB/USB.h.
  37:LUFA//Drivers/USB/Core/XMEGA/../XMEGA/../XMEGA/../XMEGA/Device_XMEGA.h ****  */
  38:LUFA//Drivers/USB/Core/XMEGA/../XMEGA/../XMEGA/../XMEGA/Device_XMEGA.h **** 
  39:LUFA//Drivers/USB/Core/XMEGA/../XMEGA/../XMEGA/../XMEGA/Device_XMEGA.h **** /** \ingroup Group_Device
  40:LUFA//Drivers/USB/Core/XMEGA/../XMEGA/../XMEGA/../XMEGA/Device_XMEGA.h ****  *  \defgroup Group_Device_XMEGA Device Management (XMEGA)
  41:LUFA//Drivers/USB/Core/XMEGA/../XMEGA/../XMEGA/../XMEGA/Device_XMEGA.h ****  *  \brief USB Device definitions for the AVR XMEGA microcontrollers.
  42:LUFA//Drivers/USB/Core/XMEGA/../XMEGA/../XMEGA/../XMEGA/Device_XMEGA.h ****  *
  43:LUFA//Drivers/USB/Core/XMEGA/../XMEGA/../XMEGA/../XMEGA/Device_XMEGA.h ****  *  Architecture specific USB Device definitions for the Atmel AVR XMEGA microcontrollers.
  44:LUFA//Drivers/USB/Core/XMEGA/../XMEGA/../XMEGA/../XMEGA/Device_XMEGA.h ****  *
  45:LUFA//Drivers/USB/Core/XMEGA/../XMEGA/../XMEGA/../XMEGA/Device_XMEGA.h ****  *  @{
  46:LUFA//Drivers/USB/Core/XMEGA/../XMEGA/../XMEGA/../XMEGA/Device_XMEGA.h ****  */
  47:LUFA//Drivers/USB/Core/XMEGA/../XMEGA/../XMEGA/../XMEGA/Device_XMEGA.h **** 
  48:LUFA//Drivers/USB/Core/XMEGA/../XMEGA/../XMEGA/../XMEGA/Device_XMEGA.h **** #ifndef __USBDEVICE_XMEGA_H__
  49:LUFA//Drivers/USB/Core/XMEGA/../XMEGA/../XMEGA/../XMEGA/Device_XMEGA.h **** #define __USBDEVICE_XMEGA_H__
  50:LUFA//Drivers/USB/Core/XMEGA/../XMEGA/../XMEGA/../XMEGA/Device_XMEGA.h **** 
  51:LUFA//Drivers/USB/Core/XMEGA/../XMEGA/../XMEGA/../XMEGA/Device_XMEGA.h **** 	/* Includes: */
  52:LUFA//Drivers/USB/Core/XMEGA/../XMEGA/../XMEGA/../XMEGA/Device_XMEGA.h **** 		#include "../../../../Common/Common.h"
  53:LUFA//Drivers/USB/Core/XMEGA/../XMEGA/../XMEGA/../XMEGA/Device_XMEGA.h **** 		#include "../USBController.h"
  54:LUFA//Drivers/USB/Core/XMEGA/../XMEGA/../XMEGA/../XMEGA/Device_XMEGA.h **** 		#include "../StdDescriptors.h"
  55:LUFA//Drivers/USB/Core/XMEGA/../XMEGA/../XMEGA/../XMEGA/Device_XMEGA.h **** 		#include "../USBInterrupt.h"
  56:LUFA//Drivers/USB/Core/XMEGA/../XMEGA/../XMEGA/../XMEGA/Device_XMEGA.h **** 		#include "../Endpoint.h"
  57:LUFA//Drivers/USB/Core/XMEGA/../XMEGA/../XMEGA/../XMEGA/Device_XMEGA.h **** 
  58:LUFA//Drivers/USB/Core/XMEGA/../XMEGA/../XMEGA/../XMEGA/Device_XMEGA.h **** 	/* Enable C linkage for C++ Compilers: */
  59:LUFA//Drivers/USB/Core/XMEGA/../XMEGA/../XMEGA/../XMEGA/Device_XMEGA.h **** 		#if defined(__cplusplus)
  60:LUFA//Drivers/USB/Core/XMEGA/../XMEGA/../XMEGA/../XMEGA/Device_XMEGA.h **** 			extern "C" {
  61:LUFA//Drivers/USB/Core/XMEGA/../XMEGA/../XMEGA/../XMEGA/Device_XMEGA.h **** 		#endif
  62:LUFA//Drivers/USB/Core/XMEGA/../XMEGA/../XMEGA/../XMEGA/Device_XMEGA.h **** 
  63:LUFA//Drivers/USB/Core/XMEGA/../XMEGA/../XMEGA/../XMEGA/Device_XMEGA.h **** 	/* Preprocessor Checks: */
  64:LUFA//Drivers/USB/Core/XMEGA/../XMEGA/../XMEGA/../XMEGA/Device_XMEGA.h **** 		#if !defined(__INCLUDE_FROM_USB_DRIVER)
  65:LUFA//Drivers/USB/Core/XMEGA/../XMEGA/../XMEGA/../XMEGA/Device_XMEGA.h **** 			#error Do not include this file directly. Include LUFA/Drivers/USB/USB.h instead.
  66:LUFA//Drivers/USB/Core/XMEGA/../XMEGA/../XMEGA/../XMEGA/Device_XMEGA.h **** 		#endif
  67:LUFA//Drivers/USB/Core/XMEGA/../XMEGA/../XMEGA/../XMEGA/Device_XMEGA.h **** 
  68:LUFA//Drivers/USB/Core/XMEGA/../XMEGA/../XMEGA/../XMEGA/Device_XMEGA.h **** 		#if (defined(USE_RAM_DESCRIPTORS) && defined(USE_EEPROM_DESCRIPTORS))
  69:LUFA//Drivers/USB/Core/XMEGA/../XMEGA/../XMEGA/../XMEGA/Device_XMEGA.h **** 			#error USE_RAM_DESCRIPTORS and USE_EEPROM_DESCRIPTORS are mutually exclusive.
  70:LUFA//Drivers/USB/Core/XMEGA/../XMEGA/../XMEGA/../XMEGA/Device_XMEGA.h **** 		#endif
  71:LUFA//Drivers/USB/Core/XMEGA/../XMEGA/../XMEGA/../XMEGA/Device_XMEGA.h **** 
  72:LUFA//Drivers/USB/Core/XMEGA/../XMEGA/../XMEGA/../XMEGA/Device_XMEGA.h **** 		#if (defined(USE_FLASH_DESCRIPTORS) && defined(USE_EEPROM_DESCRIPTORS))
  73:LUFA//Drivers/USB/Core/XMEGA/../XMEGA/../XMEGA/../XMEGA/Device_XMEGA.h **** 			#error USE_FLASH_DESCRIPTORS and USE_EEPROM_DESCRIPTORS are mutually exclusive.
  74:LUFA//Drivers/USB/Core/XMEGA/../XMEGA/../XMEGA/../XMEGA/Device_XMEGA.h **** 		#endif
  75:LUFA//Drivers/USB/Core/XMEGA/../XMEGA/../XMEGA/../XMEGA/Device_XMEGA.h **** 
  76:LUFA//Drivers/USB/Core/XMEGA/../XMEGA/../XMEGA/../XMEGA/Device_XMEGA.h **** 		#if (defined(USE_FLASH_DESCRIPTORS) && defined(USE_RAM_DESCRIPTORS))
  77:LUFA//Drivers/USB/Core/XMEGA/../XMEGA/../XMEGA/../XMEGA/Device_XMEGA.h **** 			#error USE_FLASH_DESCRIPTORS and USE_RAM_DESCRIPTORS are mutually exclusive.
  78:LUFA//Drivers/USB/Core/XMEGA/../XMEGA/../XMEGA/../XMEGA/Device_XMEGA.h **** 		#endif
  79:LUFA//Drivers/USB/Core/XMEGA/../XMEGA/../XMEGA/../XMEGA/Device_XMEGA.h **** 
  80:LUFA//Drivers/USB/Core/XMEGA/../XMEGA/../XMEGA/../XMEGA/Device_XMEGA.h **** 	/* Public Interface - May be used in end-application: */
  81:LUFA//Drivers/USB/Core/XMEGA/../XMEGA/../XMEGA/../XMEGA/Device_XMEGA.h **** 		/* Macros: */
  82:LUFA//Drivers/USB/Core/XMEGA/../XMEGA/../XMEGA/../XMEGA/Device_XMEGA.h **** 			/** \name USB Device Mode Option Masks */
  83:LUFA//Drivers/USB/Core/XMEGA/../XMEGA/../XMEGA/../XMEGA/Device_XMEGA.h **** 			//@{
  84:LUFA//Drivers/USB/Core/XMEGA/../XMEGA/../XMEGA/../XMEGA/Device_XMEGA.h **** 			/** Mask for the Options parameter of the \ref USB_Init() function. This indicates that the
  85:LUFA//Drivers/USB/Core/XMEGA/../XMEGA/../XMEGA/../XMEGA/Device_XMEGA.h **** 			 *  USB interface should be initialized in low speed (1.5Mb/s) mode.
  86:LUFA//Drivers/USB/Core/XMEGA/../XMEGA/../XMEGA/../XMEGA/Device_XMEGA.h **** 			 *
  87:LUFA//Drivers/USB/Core/XMEGA/../XMEGA/../XMEGA/../XMEGA/Device_XMEGA.h **** 			 *  \note Low Speed mode is not available on all USB AVR models.
  88:LUFA//Drivers/USB/Core/XMEGA/../XMEGA/../XMEGA/../XMEGA/Device_XMEGA.h **** 			 *        \n
  89:LUFA//Drivers/USB/Core/XMEGA/../XMEGA/../XMEGA/../XMEGA/Device_XMEGA.h **** 			 *
  90:LUFA//Drivers/USB/Core/XMEGA/../XMEGA/../XMEGA/../XMEGA/Device_XMEGA.h **** 			 *  \note Restrictions apply on the number, size and type of endpoints which can be used
  91:LUFA//Drivers/USB/Core/XMEGA/../XMEGA/../XMEGA/../XMEGA/Device_XMEGA.h **** 			 *        when running in low speed mode - refer to the USB 2.0 specification.
  92:LUFA//Drivers/USB/Core/XMEGA/../XMEGA/../XMEGA/../XMEGA/Device_XMEGA.h **** 			 */
  93:LUFA//Drivers/USB/Core/XMEGA/../XMEGA/../XMEGA/../XMEGA/Device_XMEGA.h **** 			#define USB_DEVICE_OPT_LOWSPEED        (1 << 0)
  94:LUFA//Drivers/USB/Core/XMEGA/../XMEGA/../XMEGA/../XMEGA/Device_XMEGA.h **** 
  95:LUFA//Drivers/USB/Core/XMEGA/../XMEGA/../XMEGA/../XMEGA/Device_XMEGA.h **** 			#if (F_USB > 6000000)
  96:LUFA//Drivers/USB/Core/XMEGA/../XMEGA/../XMEGA/../XMEGA/Device_XMEGA.h **** 				/** Mask for the Options parameter of the \ref USB_Init() function. This indicates that the
  97:LUFA//Drivers/USB/Core/XMEGA/../XMEGA/../XMEGA/../XMEGA/Device_XMEGA.h **** 				 *  USB interface should be initialized in full speed (12Mb/s) mode.
  98:LUFA//Drivers/USB/Core/XMEGA/../XMEGA/../XMEGA/../XMEGA/Device_XMEGA.h **** 				 */
  99:LUFA//Drivers/USB/Core/XMEGA/../XMEGA/../XMEGA/../XMEGA/Device_XMEGA.h **** 				#define USB_DEVICE_OPT_FULLSPEED   (0 << 0)
 100:LUFA//Drivers/USB/Core/XMEGA/../XMEGA/../XMEGA/../XMEGA/Device_XMEGA.h **** 			#endif
 101:LUFA//Drivers/USB/Core/XMEGA/../XMEGA/../XMEGA/../XMEGA/Device_XMEGA.h **** 			//@}
 102:LUFA//Drivers/USB/Core/XMEGA/../XMEGA/../XMEGA/../XMEGA/Device_XMEGA.h **** 
 103:LUFA//Drivers/USB/Core/XMEGA/../XMEGA/../XMEGA/../XMEGA/Device_XMEGA.h **** 			#if (!defined(NO_INTERNAL_SERIAL) || defined(__DOXYGEN__))
 104:LUFA//Drivers/USB/Core/XMEGA/../XMEGA/../XMEGA/../XMEGA/Device_XMEGA.h **** 				/** String descriptor index for the device's unique serial number string descriptor within the 
 105:LUFA//Drivers/USB/Core/XMEGA/../XMEGA/../XMEGA/../XMEGA/Device_XMEGA.h **** 				 *  This unique serial number is used by the host to associate resources to the device (such as
 106:LUFA//Drivers/USB/Core/XMEGA/../XMEGA/../XMEGA/../XMEGA/Device_XMEGA.h **** 				 *  number allocations) to a device regardless of the port it is plugged in to on the host. Som
 107:LUFA//Drivers/USB/Core/XMEGA/../XMEGA/../XMEGA/../XMEGA/Device_XMEGA.h **** 				 *  a unique serial number internally, and setting the device descriptors serial number string 
 108:LUFA//Drivers/USB/Core/XMEGA/../XMEGA/../XMEGA/../XMEGA/Device_XMEGA.h **** 				 *  will cause it to use the internal serial number.
 109:LUFA//Drivers/USB/Core/XMEGA/../XMEGA/../XMEGA/../XMEGA/Device_XMEGA.h **** 				 *
 110:LUFA//Drivers/USB/Core/XMEGA/../XMEGA/../XMEGA/../XMEGA/Device_XMEGA.h **** 				 *  On unsupported devices, this will evaluate to \ref NO_DESCRIPTOR and so will force the host
 111:LUFA//Drivers/USB/Core/XMEGA/../XMEGA/../XMEGA/../XMEGA/Device_XMEGA.h **** 				 *  number for the device.
 112:LUFA//Drivers/USB/Core/XMEGA/../XMEGA/../XMEGA/../XMEGA/Device_XMEGA.h **** 				 */
 113:LUFA//Drivers/USB/Core/XMEGA/../XMEGA/../XMEGA/../XMEGA/Device_XMEGA.h **** 				#define USE_INTERNAL_SERIAL            0xDC
 114:LUFA//Drivers/USB/Core/XMEGA/../XMEGA/../XMEGA/../XMEGA/Device_XMEGA.h **** 
 115:LUFA//Drivers/USB/Core/XMEGA/../XMEGA/../XMEGA/../XMEGA/Device_XMEGA.h **** 				/** Length of the device's unique internal serial number, in bits, if present on the selected m
 116:LUFA//Drivers/USB/Core/XMEGA/../XMEGA/../XMEGA/../XMEGA/Device_XMEGA.h **** 				 *  model.
 117:LUFA//Drivers/USB/Core/XMEGA/../XMEGA/../XMEGA/../XMEGA/Device_XMEGA.h **** 				 */
 118:LUFA//Drivers/USB/Core/XMEGA/../XMEGA/../XMEGA/../XMEGA/Device_XMEGA.h **** 				#define INTERNAL_SERIAL_LENGTH_BITS    (8 * (1 + (offsetof(NVM_PROD_SIGNATURES_t, COORDY1) - of
 119:LUFA//Drivers/USB/Core/XMEGA/../XMEGA/../XMEGA/../XMEGA/Device_XMEGA.h **** 
 120:LUFA//Drivers/USB/Core/XMEGA/../XMEGA/../XMEGA/../XMEGA/Device_XMEGA.h **** 				/** Start address of the internal serial number, in the appropriate address space, if present o
 121:LUFA//Drivers/USB/Core/XMEGA/../XMEGA/../XMEGA/../XMEGA/Device_XMEGA.h **** 				 *  model.
 122:LUFA//Drivers/USB/Core/XMEGA/../XMEGA/../XMEGA/../XMEGA/Device_XMEGA.h **** 				 */
 123:LUFA//Drivers/USB/Core/XMEGA/../XMEGA/../XMEGA/../XMEGA/Device_XMEGA.h **** 				#define INTERNAL_SERIAL_START_ADDRESS  offsetof(NVM_PROD_SIGNATURES_t, LOTNUM0)
 124:LUFA//Drivers/USB/Core/XMEGA/../XMEGA/../XMEGA/../XMEGA/Device_XMEGA.h **** 			#else
 125:LUFA//Drivers/USB/Core/XMEGA/../XMEGA/../XMEGA/../XMEGA/Device_XMEGA.h **** 				#define USE_INTERNAL_SERIAL            NO_DESCRIPTOR
 126:LUFA//Drivers/USB/Core/XMEGA/../XMEGA/../XMEGA/../XMEGA/Device_XMEGA.h **** 
 127:LUFA//Drivers/USB/Core/XMEGA/../XMEGA/../XMEGA/../XMEGA/Device_XMEGA.h **** 				#define INTERNAL_SERIAL_LENGTH_BITS    0
 128:LUFA//Drivers/USB/Core/XMEGA/../XMEGA/../XMEGA/../XMEGA/Device_XMEGA.h **** 				#define INTERNAL_SERIAL_START_ADDRESS  0
 129:LUFA//Drivers/USB/Core/XMEGA/../XMEGA/../XMEGA/../XMEGA/Device_XMEGA.h **** 			#endif
 130:LUFA//Drivers/USB/Core/XMEGA/../XMEGA/../XMEGA/../XMEGA/Device_XMEGA.h **** 
 131:LUFA//Drivers/USB/Core/XMEGA/../XMEGA/../XMEGA/../XMEGA/Device_XMEGA.h **** 		/* Function Prototypes: */
 132:LUFA//Drivers/USB/Core/XMEGA/../XMEGA/../XMEGA/../XMEGA/Device_XMEGA.h **** 			/** Sends a Remote Wakeup request to the host. This signals to the host that the device should
 133:LUFA//Drivers/USB/Core/XMEGA/../XMEGA/../XMEGA/../XMEGA/Device_XMEGA.h **** 			 *  be taken out of suspended mode, and communications should resume.
 134:LUFA//Drivers/USB/Core/XMEGA/../XMEGA/../XMEGA/../XMEGA/Device_XMEGA.h **** 			 *
 135:LUFA//Drivers/USB/Core/XMEGA/../XMEGA/../XMEGA/../XMEGA/Device_XMEGA.h **** 			 *  Typically, this is implemented so that HID devices (mice, keyboards, etc.) can wake up the
 136:LUFA//Drivers/USB/Core/XMEGA/../XMEGA/../XMEGA/../XMEGA/Device_XMEGA.h **** 			 *  host computer when the host has suspended all USB devices to enter a low power state.
 137:LUFA//Drivers/USB/Core/XMEGA/../XMEGA/../XMEGA/../XMEGA/Device_XMEGA.h **** 			 *
 138:LUFA//Drivers/USB/Core/XMEGA/../XMEGA/../XMEGA/../XMEGA/Device_XMEGA.h **** 			 *  \note This function should only be used if the device has indicated to the host that it
 139:LUFA//Drivers/USB/Core/XMEGA/../XMEGA/../XMEGA/../XMEGA/Device_XMEGA.h **** 			 *        supports the Remote Wakeup feature in the device descriptors, and should only be
 140:LUFA//Drivers/USB/Core/XMEGA/../XMEGA/../XMEGA/../XMEGA/Device_XMEGA.h **** 			 *        issued if the host is currently allowing remote wakeup events from the device (i.e.,
 141:LUFA//Drivers/USB/Core/XMEGA/../XMEGA/../XMEGA/../XMEGA/Device_XMEGA.h **** 			 *        the \ref USB_Device_RemoteWakeupEnabled flag is set). When the \c NO_DEVICE_REMOTE_WAK
 142:LUFA//Drivers/USB/Core/XMEGA/../XMEGA/../XMEGA/../XMEGA/Device_XMEGA.h **** 			 *        compile time option is used, this function is unavailable.
 143:LUFA//Drivers/USB/Core/XMEGA/../XMEGA/../XMEGA/../XMEGA/Device_XMEGA.h **** 			 *        \n\n
 144:LUFA//Drivers/USB/Core/XMEGA/../XMEGA/../XMEGA/../XMEGA/Device_XMEGA.h **** 			 *
 145:LUFA//Drivers/USB/Core/XMEGA/../XMEGA/../XMEGA/../XMEGA/Device_XMEGA.h **** 			 *  \note The USB clock must be running for this function to operate. If the stack is initialize
 146:LUFA//Drivers/USB/Core/XMEGA/../XMEGA/../XMEGA/../XMEGA/Device_XMEGA.h **** 			 *        the \ref USB_OPT_MANUAL_PLL option enabled, the user must ensure that the PLL is runni
 147:LUFA//Drivers/USB/Core/XMEGA/../XMEGA/../XMEGA/../XMEGA/Device_XMEGA.h **** 			 *        before attempting to call this function.
 148:LUFA//Drivers/USB/Core/XMEGA/../XMEGA/../XMEGA/../XMEGA/Device_XMEGA.h **** 			 *
 149:LUFA//Drivers/USB/Core/XMEGA/../XMEGA/../XMEGA/../XMEGA/Device_XMEGA.h **** 			 *  \see \ref Group_StdDescriptors for more information on the RMWAKEUP feature and device descr
 150:LUFA//Drivers/USB/Core/XMEGA/../XMEGA/../XMEGA/../XMEGA/Device_XMEGA.h **** 			 */
 151:LUFA//Drivers/USB/Core/XMEGA/../XMEGA/../XMEGA/../XMEGA/Device_XMEGA.h **** 			void USB_Device_SendRemoteWakeup(void);
 152:LUFA//Drivers/USB/Core/XMEGA/../XMEGA/../XMEGA/../XMEGA/Device_XMEGA.h **** 
 153:LUFA//Drivers/USB/Core/XMEGA/../XMEGA/../XMEGA/../XMEGA/Device_XMEGA.h **** 		/* Inline Functions: */
 154:LUFA//Drivers/USB/Core/XMEGA/../XMEGA/../XMEGA/../XMEGA/Device_XMEGA.h **** 			/** Returns the current USB frame number, when in device mode. Every millisecond the USB bus is 
 155:LUFA//Drivers/USB/Core/XMEGA/../XMEGA/../XMEGA/../XMEGA/Device_XMEGA.h **** 			 *  the frame number is incremented by one.
 156:LUFA//Drivers/USB/Core/XMEGA/../XMEGA/../XMEGA/../XMEGA/Device_XMEGA.h **** 			 *
 157:LUFA//Drivers/USB/Core/XMEGA/../XMEGA/../XMEGA/../XMEGA/Device_XMEGA.h **** 			 *  \return Current USB frame number from the USB controller.
 158:LUFA//Drivers/USB/Core/XMEGA/../XMEGA/../XMEGA/../XMEGA/Device_XMEGA.h **** 			 */
 159:LUFA//Drivers/USB/Core/XMEGA/../XMEGA/../XMEGA/../XMEGA/Device_XMEGA.h **** 			static inline uint16_t USB_Device_GetFrameNumber(void) ATTR_ALWAYS_INLINE ATTR_WARN_UNUSED_RESUL
 160:LUFA//Drivers/USB/Core/XMEGA/../XMEGA/../XMEGA/../XMEGA/Device_XMEGA.h **** 			static inline uint16_t USB_Device_GetFrameNumber(void)
 161:LUFA//Drivers/USB/Core/XMEGA/../XMEGA/../XMEGA/../XMEGA/Device_XMEGA.h **** 			{
 162:LUFA//Drivers/USB/Core/XMEGA/../XMEGA/../XMEGA/../XMEGA/Device_XMEGA.h **** 				return ((USB_EndpointTable_t*)USB.EPPTR)->FrameNum;
 163:LUFA//Drivers/USB/Core/XMEGA/../XMEGA/../XMEGA/../XMEGA/Device_XMEGA.h **** 			}
 164:LUFA//Drivers/USB/Core/XMEGA/../XMEGA/../XMEGA/../XMEGA/Device_XMEGA.h **** 
 165:LUFA//Drivers/USB/Core/XMEGA/../XMEGA/../XMEGA/../XMEGA/Device_XMEGA.h **** 			#if !defined(NO_SOF_EVENTS)
 166:LUFA//Drivers/USB/Core/XMEGA/../XMEGA/../XMEGA/../XMEGA/Device_XMEGA.h **** 			/** Enables the device mode Start Of Frame events. When enabled, this causes the
 167:LUFA//Drivers/USB/Core/XMEGA/../XMEGA/../XMEGA/../XMEGA/Device_XMEGA.h **** 			 *  \ref EVENT_USB_Device_StartOfFrame() event to fire once per millisecond, synchronized to the
 168:LUFA//Drivers/USB/Core/XMEGA/../XMEGA/../XMEGA/../XMEGA/Device_XMEGA.h **** 			 *  at the start of each USB frame when enumerated in device mode.
 169:LUFA//Drivers/USB/Core/XMEGA/../XMEGA/../XMEGA/../XMEGA/Device_XMEGA.h **** 			 *
 170:LUFA//Drivers/USB/Core/XMEGA/../XMEGA/../XMEGA/../XMEGA/Device_XMEGA.h **** 			 *  \note This function is not available when the \c NO_SOF_EVENTS compile time token is defined
 171:LUFA//Drivers/USB/Core/XMEGA/../XMEGA/../XMEGA/../XMEGA/Device_XMEGA.h **** 			 */
 172:LUFA//Drivers/USB/Core/XMEGA/../XMEGA/../XMEGA/../XMEGA/Device_XMEGA.h **** 			static inline void USB_Device_EnableSOFEvents(void) ATTR_ALWAYS_INLINE;
 173:LUFA//Drivers/USB/Core/XMEGA/../XMEGA/../XMEGA/../XMEGA/Device_XMEGA.h **** 			static inline void USB_Device_EnableSOFEvents(void)
 174:LUFA//Drivers/USB/Core/XMEGA/../XMEGA/../XMEGA/../XMEGA/Device_XMEGA.h **** 			{
 175:LUFA//Drivers/USB/Core/XMEGA/../XMEGA/../XMEGA/../XMEGA/Device_XMEGA.h **** 				USB.INTCTRLA |=  USB_SOFIE_bm;
 176:LUFA//Drivers/USB/Core/XMEGA/../XMEGA/../XMEGA/../XMEGA/Device_XMEGA.h **** 			}
 177:LUFA//Drivers/USB/Core/XMEGA/../XMEGA/../XMEGA/../XMEGA/Device_XMEGA.h **** 
 178:LUFA//Drivers/USB/Core/XMEGA/../XMEGA/../XMEGA/../XMEGA/Device_XMEGA.h **** 			/** Disables the device mode Start Of Frame events. When disabled, this stops the firing of the
 179:LUFA//Drivers/USB/Core/XMEGA/../XMEGA/../XMEGA/../XMEGA/Device_XMEGA.h **** 			 *  \ref EVENT_USB_Device_StartOfFrame() event when enumerated in device mode.
 180:LUFA//Drivers/USB/Core/XMEGA/../XMEGA/../XMEGA/../XMEGA/Device_XMEGA.h **** 			 *
 181:LUFA//Drivers/USB/Core/XMEGA/../XMEGA/../XMEGA/../XMEGA/Device_XMEGA.h **** 			 *  \note This function is not available when the \c NO_SOF_EVENTS compile time token is defined
 182:LUFA//Drivers/USB/Core/XMEGA/../XMEGA/../XMEGA/../XMEGA/Device_XMEGA.h **** 			 */
 183:LUFA//Drivers/USB/Core/XMEGA/../XMEGA/../XMEGA/../XMEGA/Device_XMEGA.h **** 			static inline void USB_Device_DisableSOFEvents(void) ATTR_ALWAYS_INLINE;
 184:LUFA//Drivers/USB/Core/XMEGA/../XMEGA/../XMEGA/../XMEGA/Device_XMEGA.h **** 			static inline void USB_Device_DisableSOFEvents(void)
 185:LUFA//Drivers/USB/Core/XMEGA/../XMEGA/../XMEGA/../XMEGA/Device_XMEGA.h **** 			{
 186:LUFA//Drivers/USB/Core/XMEGA/../XMEGA/../XMEGA/../XMEGA/Device_XMEGA.h **** 				USB.INTCTRLA &= ~USB_SOFIE_bm;
 187:LUFA//Drivers/USB/Core/XMEGA/../XMEGA/../XMEGA/../XMEGA/Device_XMEGA.h **** 			}
 188:LUFA//Drivers/USB/Core/XMEGA/../XMEGA/../XMEGA/../XMEGA/Device_XMEGA.h **** 			#endif
 189:LUFA//Drivers/USB/Core/XMEGA/../XMEGA/../XMEGA/../XMEGA/Device_XMEGA.h **** 
 190:LUFA//Drivers/USB/Core/XMEGA/../XMEGA/../XMEGA/../XMEGA/Device_XMEGA.h **** 	/* Private Interface - For use in library only: */
 191:LUFA//Drivers/USB/Core/XMEGA/../XMEGA/../XMEGA/../XMEGA/Device_XMEGA.h **** 	#if !defined(__DOXYGEN__)
 192:LUFA//Drivers/USB/Core/XMEGA/../XMEGA/../XMEGA/../XMEGA/Device_XMEGA.h **** 		/* Inline Functions: */
 193:LUFA//Drivers/USB/Core/XMEGA/../XMEGA/../XMEGA/../XMEGA/Device_XMEGA.h **** 			static inline void USB_Device_SetLowSpeed(void) ATTR_ALWAYS_INLINE;
 194:LUFA//Drivers/USB/Core/XMEGA/../XMEGA/../XMEGA/../XMEGA/Device_XMEGA.h **** 			static inline void USB_Device_SetLowSpeed(void)
 195:LUFA//Drivers/USB/Core/XMEGA/../XMEGA/../XMEGA/../XMEGA/Device_XMEGA.h **** 			{
 196:LUFA//Drivers/USB/Core/XMEGA/../XMEGA/../XMEGA/../XMEGA/Device_XMEGA.h **** 				USB.CTRLA &= ~USB_SPEED_bm;
 197:LUFA//Drivers/USB/Core/XMEGA/../XMEGA/../XMEGA/../XMEGA/Device_XMEGA.h **** 			}
 198:LUFA//Drivers/USB/Core/XMEGA/../XMEGA/../XMEGA/../XMEGA/Device_XMEGA.h **** 
 199:LUFA//Drivers/USB/Core/XMEGA/../XMEGA/../XMEGA/../XMEGA/Device_XMEGA.h **** 			static inline void USB_Device_SetFullSpeed(void) ATTR_ALWAYS_INLINE;
 200:LUFA//Drivers/USB/Core/XMEGA/../XMEGA/../XMEGA/../XMEGA/Device_XMEGA.h **** 			static inline void USB_Device_SetFullSpeed(void)
 201:LUFA//Drivers/USB/Core/XMEGA/../XMEGA/../XMEGA/../XMEGA/Device_XMEGA.h **** 			{
 202:LUFA//Drivers/USB/Core/XMEGA/../XMEGA/../XMEGA/../XMEGA/Device_XMEGA.h **** 				USB.CTRLA |=  USB_SPEED_bm;
 203:LUFA//Drivers/USB/Core/XMEGA/../XMEGA/../XMEGA/../XMEGA/Device_XMEGA.h **** 			}
 204:LUFA//Drivers/USB/Core/XMEGA/../XMEGA/../XMEGA/../XMEGA/Device_XMEGA.h **** 
 205:LUFA//Drivers/USB/Core/XMEGA/../XMEGA/../XMEGA/../XMEGA/Device_XMEGA.h **** 			static inline void USB_Device_SetDeviceAddress(const uint8_t Address) ATTR_ALWAYS_INLINE;
 206:LUFA//Drivers/USB/Core/XMEGA/../XMEGA/../XMEGA/../XMEGA/Device_XMEGA.h **** 			static inline void USB_Device_SetDeviceAddress(const uint8_t Address)
 207:LUFA//Drivers/USB/Core/XMEGA/../XMEGA/../XMEGA/../XMEGA/Device_XMEGA.h **** 			{
 208:LUFA//Drivers/USB/Core/XMEGA/../XMEGA/../XMEGA/../XMEGA/Device_XMEGA.h **** 				USB.ADDR = Address;
 209:LUFA//Drivers/USB/Core/XMEGA/../XMEGA/../XMEGA/../XMEGA/Device_XMEGA.h **** 			}
 210:LUFA//Drivers/USB/Core/XMEGA/../XMEGA/../XMEGA/../XMEGA/Device_XMEGA.h **** 
 211:LUFA//Drivers/USB/Core/XMEGA/../XMEGA/../XMEGA/../XMEGA/Device_XMEGA.h **** 			static inline bool USB_Device_IsAddressSet(void) ATTR_ALWAYS_INLINE ATTR_WARN_UNUSED_RESULT;
 212:LUFA//Drivers/USB/Core/XMEGA/../XMEGA/../XMEGA/../XMEGA/Device_XMEGA.h **** 			static inline bool USB_Device_IsAddressSet(void)
 213:LUFA//Drivers/USB/Core/XMEGA/../XMEGA/../XMEGA/../XMEGA/Device_XMEGA.h **** 			{
 214:LUFA//Drivers/USB/Core/XMEGA/../XMEGA/../XMEGA/../XMEGA/Device_XMEGA.h **** 				return ((USB.ADDR != 0) ? true : false);
 220               		.loc 3 214 0
 221 006e 8091 C304 		lds r24,1219
 222               	.LBE45:
 223               	.LBE44:
  78:LUFA//Drivers/USB/Core/XMEGA/USBInterrupt_XMEGA.c **** 		  USB_DeviceState = DEVICE_STATE_Configured;
  79:LUFA//Drivers/USB/Core/XMEGA/USBInterrupt_XMEGA.c **** 		else
  80:LUFA//Drivers/USB/Core/XMEGA/USBInterrupt_XMEGA.c **** 		  USB_DeviceState = (USB_Device_IsAddressSet()) ? DEVICE_STATE_Configured : DEVICE_STATE_Powered;
 224               		.loc 1 80 0
 225 0072 8823      		tst r24
 226 0074 01F0      		breq .L11
 227               	.L12:
 228 0076 84E0      		ldi r24,lo8(4)
 229               	.LVL7:
 230 0078 00C0      		rjmp .L9
 231               	.L11:
 232 007a 81E0      		ldi r24,lo8(1)
 233               	.L9:
 234               	.LVL8:
 235               		.loc 1 80 0 is_stmt 0 discriminator 3
 236 007c 8093 0000 		sts USB_DeviceState,r24
  81:LUFA//Drivers/USB/Core/XMEGA/USBInterrupt_XMEGA.c **** 
  82:LUFA//Drivers/USB/Core/XMEGA/USBInterrupt_XMEGA.c **** 		#if !defined(NO_LIMITED_CONTROLLER_CONNECT)
  83:LUFA//Drivers/USB/Core/XMEGA/USBInterrupt_XMEGA.c **** 		EVENT_USB_Device_Connect();
 237               		.loc 1 83 0 is_stmt 1 discriminator 3
 238 0080 0E94 0000 		call EVENT_USB_Device_Connect
 239               	.LVL9:
 240               	.L6:
 241               	.LBB46:
 242               	.LBB47:
 148:LUFA//Drivers/USB/Core/XMEGA/../XMEGA/USBInterrupt_XMEGA.h **** 						return ((USB.INTFLAGSACLR & USB_RSTIF_bm) ? true : false);
 243               		.loc 2 148 0
 244 0084 E0EC      		ldi r30,lo8(1216)
 245 0086 F4E0      		ldi r31,hi8(1216)
 246 0088 8091 CA04 		lds r24,1226
 247               	.LBE47:
 248               	.LBE46:
  84:LUFA//Drivers/USB/Core/XMEGA/USBInterrupt_XMEGA.c **** 		#else
  85:LUFA//Drivers/USB/Core/XMEGA/USBInterrupt_XMEGA.c **** 		EVENT_USB_Device_WakeUp();
  86:LUFA//Drivers/USB/Core/XMEGA/USBInterrupt_XMEGA.c **** 		#endif
  87:LUFA//Drivers/USB/Core/XMEGA/USBInterrupt_XMEGA.c **** 	}
  88:LUFA//Drivers/USB/Core/XMEGA/USBInterrupt_XMEGA.c **** 
  89:LUFA//Drivers/USB/Core/XMEGA/USBInterrupt_XMEGA.c **** 	if (USB_INT_HasOccurred(USB_INT_BUSEVENTI_Reset))
 249               		.loc 1 89 0
 250 008c 84FF      		sbrs r24,4
 251 008e 00C0      		rjmp .L3
 252               	.LVL10:
 253               	.LBB48:
 254               	.LBB49:
 114:LUFA//Drivers/USB/Core/XMEGA/../XMEGA/USBInterrupt_XMEGA.h **** 						USB.INTFLAGSACLR = USB_RSTIF_bm;
 255               		.loc 2 114 0
 256 0090 80E1      		ldi r24,lo8(16)
 257 0092 8287      		std Z+10,r24
 258               	.LBE49:
 259               	.LBE48:
  90:LUFA//Drivers/USB/Core/XMEGA/USBInterrupt_XMEGA.c **** 	{
  91:LUFA//Drivers/USB/Core/XMEGA/USBInterrupt_XMEGA.c **** 		USB_INT_Clear(USB_INT_BUSEVENTI_Reset);
  92:LUFA//Drivers/USB/Core/XMEGA/USBInterrupt_XMEGA.c **** 
  93:LUFA//Drivers/USB/Core/XMEGA/USBInterrupt_XMEGA.c **** 		USB_DeviceState                = DEVICE_STATE_Default;
 260               		.loc 1 93 0
 261 0094 82E0      		ldi r24,lo8(2)
 262 0096 8093 0000 		sts USB_DeviceState,r24
  94:LUFA//Drivers/USB/Core/XMEGA/USBInterrupt_XMEGA.c **** 		USB_Device_ConfigurationNumber = 0;
 263               		.loc 1 94 0
 264 009a 1092 0000 		sts USB_Device_ConfigurationNumber,__zero_reg__
 265               	.LVL11:
 266               	.LBB50:
 267               	.LBB51:
 208:LUFA//Drivers/USB/Core/XMEGA/../XMEGA/../XMEGA/../XMEGA/Device_XMEGA.h **** 				USB.ADDR = Address;
 268               		.loc 3 208 0
 269 009e 1382      		std Z+3,__zero_reg__
 270               	.LBE51:
 271               	.LBE50:
  95:LUFA//Drivers/USB/Core/XMEGA/USBInterrupt_XMEGA.c **** 
  96:LUFA//Drivers/USB/Core/XMEGA/USBInterrupt_XMEGA.c **** 		USB_Device_SetDeviceAddress(0);
  97:LUFA//Drivers/USB/Core/XMEGA/USBInterrupt_XMEGA.c **** 
  98:LUFA//Drivers/USB/Core/XMEGA/USBInterrupt_XMEGA.c **** 		Endpoint_ClearEndpoints();
 272               		.loc 1 98 0
 273 00a0 0E94 0000 		call Endpoint_ClearEndpoints
 274               	.LVL12:
 275               	.LBB52:
 276               	.LBB53:
 277               		.file 4 "LUFA//Drivers/USB/Core/XMEGA/../XMEGA/../XMEGA/../XMEGA/Endpoint_XMEGA.h"
   1:LUFA//Drivers/USB/Core/XMEGA/../XMEGA/../XMEGA/../XMEGA/Endpoint_XMEGA.h **** /*
   2:LUFA//Drivers/USB/Core/XMEGA/../XMEGA/../XMEGA/../XMEGA/Endpoint_XMEGA.h ****              LUFA Library
   3:LUFA//Drivers/USB/Core/XMEGA/../XMEGA/../XMEGA/../XMEGA/Endpoint_XMEGA.h ****      Copyright (C) Dean Camera, 2012.
   4:LUFA//Drivers/USB/Core/XMEGA/../XMEGA/../XMEGA/../XMEGA/Endpoint_XMEGA.h **** 
   5:LUFA//Drivers/USB/Core/XMEGA/../XMEGA/../XMEGA/../XMEGA/Endpoint_XMEGA.h ****   dean [at] fourwalledcubicle [dot] com
   6:LUFA//Drivers/USB/Core/XMEGA/../XMEGA/../XMEGA/../XMEGA/Endpoint_XMEGA.h ****            www.lufa-lib.org
   7:LUFA//Drivers/USB/Core/XMEGA/../XMEGA/../XMEGA/../XMEGA/Endpoint_XMEGA.h **** */
   8:LUFA//Drivers/USB/Core/XMEGA/../XMEGA/../XMEGA/../XMEGA/Endpoint_XMEGA.h **** 
   9:LUFA//Drivers/USB/Core/XMEGA/../XMEGA/../XMEGA/../XMEGA/Endpoint_XMEGA.h **** /*
  10:LUFA//Drivers/USB/Core/XMEGA/../XMEGA/../XMEGA/../XMEGA/Endpoint_XMEGA.h ****   Copyright 2012  Dean Camera (dean [at] fourwalledcubicle [dot] com)
  11:LUFA//Drivers/USB/Core/XMEGA/../XMEGA/../XMEGA/../XMEGA/Endpoint_XMEGA.h **** 
  12:LUFA//Drivers/USB/Core/XMEGA/../XMEGA/../XMEGA/../XMEGA/Endpoint_XMEGA.h ****   Permission to use, copy, modify, distribute, and sell this
  13:LUFA//Drivers/USB/Core/XMEGA/../XMEGA/../XMEGA/../XMEGA/Endpoint_XMEGA.h ****   software and its documentation for any purpose is hereby granted
  14:LUFA//Drivers/USB/Core/XMEGA/../XMEGA/../XMEGA/../XMEGA/Endpoint_XMEGA.h ****   without fee, provided that the above copyright notice appear in
  15:LUFA//Drivers/USB/Core/XMEGA/../XMEGA/../XMEGA/../XMEGA/Endpoint_XMEGA.h ****   all copies and that both that the copyright notice and this
  16:LUFA//Drivers/USB/Core/XMEGA/../XMEGA/../XMEGA/../XMEGA/Endpoint_XMEGA.h ****   permission notice and warranty disclaimer appear in supporting
  17:LUFA//Drivers/USB/Core/XMEGA/../XMEGA/../XMEGA/../XMEGA/Endpoint_XMEGA.h ****   documentation, and that the name of the author not be used in
  18:LUFA//Drivers/USB/Core/XMEGA/../XMEGA/../XMEGA/../XMEGA/Endpoint_XMEGA.h ****   advertising or publicity pertaining to distribution of the
  19:LUFA//Drivers/USB/Core/XMEGA/../XMEGA/../XMEGA/../XMEGA/Endpoint_XMEGA.h ****   software without specific, written prior permission.
  20:LUFA//Drivers/USB/Core/XMEGA/../XMEGA/../XMEGA/../XMEGA/Endpoint_XMEGA.h **** 
  21:LUFA//Drivers/USB/Core/XMEGA/../XMEGA/../XMEGA/../XMEGA/Endpoint_XMEGA.h ****   The author disclaim all warranties with regard to this
  22:LUFA//Drivers/USB/Core/XMEGA/../XMEGA/../XMEGA/../XMEGA/Endpoint_XMEGA.h ****   software, including all implied warranties of merchantability
  23:LUFA//Drivers/USB/Core/XMEGA/../XMEGA/../XMEGA/../XMEGA/Endpoint_XMEGA.h ****   and fitness.  In no event shall the author be liable for any
  24:LUFA//Drivers/USB/Core/XMEGA/../XMEGA/../XMEGA/../XMEGA/Endpoint_XMEGA.h ****   special, indirect or consequential damages or any damages
  25:LUFA//Drivers/USB/Core/XMEGA/../XMEGA/../XMEGA/../XMEGA/Endpoint_XMEGA.h ****   whatsoever resulting from loss of use, data or profits, whether
  26:LUFA//Drivers/USB/Core/XMEGA/../XMEGA/../XMEGA/../XMEGA/Endpoint_XMEGA.h ****   in an action of contract, negligence or other tortious action,
  27:LUFA//Drivers/USB/Core/XMEGA/../XMEGA/../XMEGA/../XMEGA/Endpoint_XMEGA.h ****   arising out of or in connection with the use or performance of
  28:LUFA//Drivers/USB/Core/XMEGA/../XMEGA/../XMEGA/../XMEGA/Endpoint_XMEGA.h ****   this software.
  29:LUFA//Drivers/USB/Core/XMEGA/../XMEGA/../XMEGA/../XMEGA/Endpoint_XMEGA.h **** */
  30:LUFA//Drivers/USB/Core/XMEGA/../XMEGA/../XMEGA/../XMEGA/Endpoint_XMEGA.h **** 
  31:LUFA//Drivers/USB/Core/XMEGA/../XMEGA/../XMEGA/../XMEGA/Endpoint_XMEGA.h **** /** \file
  32:LUFA//Drivers/USB/Core/XMEGA/../XMEGA/../XMEGA/../XMEGA/Endpoint_XMEGA.h ****  *  \brief USB Endpoint definitions for the AVR XMEGA microcontrollers.
  33:LUFA//Drivers/USB/Core/XMEGA/../XMEGA/../XMEGA/../XMEGA/Endpoint_XMEGA.h ****  *  \copydetails Group_EndpointManagement_XMEGA
  34:LUFA//Drivers/USB/Core/XMEGA/../XMEGA/../XMEGA/../XMEGA/Endpoint_XMEGA.h ****  *
  35:LUFA//Drivers/USB/Core/XMEGA/../XMEGA/../XMEGA/../XMEGA/Endpoint_XMEGA.h ****  *  \note This file should not be included directly. It is automatically included as needed by the 
  36:LUFA//Drivers/USB/Core/XMEGA/../XMEGA/../XMEGA/../XMEGA/Endpoint_XMEGA.h ****  *        dispatch header located in LUFA/Drivers/USB/USB.h.
  37:LUFA//Drivers/USB/Core/XMEGA/../XMEGA/../XMEGA/../XMEGA/Endpoint_XMEGA.h ****  */
  38:LUFA//Drivers/USB/Core/XMEGA/../XMEGA/../XMEGA/../XMEGA/Endpoint_XMEGA.h **** 
  39:LUFA//Drivers/USB/Core/XMEGA/../XMEGA/../XMEGA/../XMEGA/Endpoint_XMEGA.h **** /** \ingroup Group_EndpointRW
  40:LUFA//Drivers/USB/Core/XMEGA/../XMEGA/../XMEGA/../XMEGA/Endpoint_XMEGA.h ****  *  \defgroup Group_EndpointRW_XMEGA Endpoint Data Reading and Writing (XMEGA)
  41:LUFA//Drivers/USB/Core/XMEGA/../XMEGA/../XMEGA/../XMEGA/Endpoint_XMEGA.h ****  *  \brief Endpoint data read/write definitions for the Atmel AVR XMEGA architecture.
  42:LUFA//Drivers/USB/Core/XMEGA/../XMEGA/../XMEGA/../XMEGA/Endpoint_XMEGA.h ****  *
  43:LUFA//Drivers/USB/Core/XMEGA/../XMEGA/../XMEGA/../XMEGA/Endpoint_XMEGA.h ****  *  Functions, macros, variables, enums and types related to data reading and writing from and to e
  44:LUFA//Drivers/USB/Core/XMEGA/../XMEGA/../XMEGA/../XMEGA/Endpoint_XMEGA.h ****  */
  45:LUFA//Drivers/USB/Core/XMEGA/../XMEGA/../XMEGA/../XMEGA/Endpoint_XMEGA.h **** 
  46:LUFA//Drivers/USB/Core/XMEGA/../XMEGA/../XMEGA/../XMEGA/Endpoint_XMEGA.h **** /** \ingroup Group_EndpointPrimitiveRW
  47:LUFA//Drivers/USB/Core/XMEGA/../XMEGA/../XMEGA/../XMEGA/Endpoint_XMEGA.h ****  *  \defgroup Group_EndpointPrimitiveRW_XMEGA Read/Write of Primitive Data Types (XMEGA)
  48:LUFA//Drivers/USB/Core/XMEGA/../XMEGA/../XMEGA/../XMEGA/Endpoint_XMEGA.h ****  *  \brief Endpoint primitive read/write definitions for the Atmel AVR XMEGA architecture.
  49:LUFA//Drivers/USB/Core/XMEGA/../XMEGA/../XMEGA/../XMEGA/Endpoint_XMEGA.h ****  *
  50:LUFA//Drivers/USB/Core/XMEGA/../XMEGA/../XMEGA/../XMEGA/Endpoint_XMEGA.h ****  *  Functions, macros, variables, enums and types related to data reading and writing of primitive 
  51:LUFA//Drivers/USB/Core/XMEGA/../XMEGA/../XMEGA/../XMEGA/Endpoint_XMEGA.h ****  *  from and to endpoints.
  52:LUFA//Drivers/USB/Core/XMEGA/../XMEGA/../XMEGA/../XMEGA/Endpoint_XMEGA.h ****  */
  53:LUFA//Drivers/USB/Core/XMEGA/../XMEGA/../XMEGA/../XMEGA/Endpoint_XMEGA.h **** 
  54:LUFA//Drivers/USB/Core/XMEGA/../XMEGA/../XMEGA/../XMEGA/Endpoint_XMEGA.h **** /** \ingroup Group_EndpointPacketManagement
  55:LUFA//Drivers/USB/Core/XMEGA/../XMEGA/../XMEGA/../XMEGA/Endpoint_XMEGA.h ****  *  \defgroup Group_EndpointPacketManagement_XMEGA Endpoint Packet Management (XMEGA)
  56:LUFA//Drivers/USB/Core/XMEGA/../XMEGA/../XMEGA/../XMEGA/Endpoint_XMEGA.h ****  *  \brief Endpoint packet management definitions for the Atmel AVR XMEGA architecture.
  57:LUFA//Drivers/USB/Core/XMEGA/../XMEGA/../XMEGA/../XMEGA/Endpoint_XMEGA.h ****  *
  58:LUFA//Drivers/USB/Core/XMEGA/../XMEGA/../XMEGA/../XMEGA/Endpoint_XMEGA.h ****  *  Functions, macros, variables, enums and types related to packet management of endpoints.
  59:LUFA//Drivers/USB/Core/XMEGA/../XMEGA/../XMEGA/../XMEGA/Endpoint_XMEGA.h ****  */
  60:LUFA//Drivers/USB/Core/XMEGA/../XMEGA/../XMEGA/../XMEGA/Endpoint_XMEGA.h **** 
  61:LUFA//Drivers/USB/Core/XMEGA/../XMEGA/../XMEGA/../XMEGA/Endpoint_XMEGA.h **** /** \ingroup Group_EndpointManagement
  62:LUFA//Drivers/USB/Core/XMEGA/../XMEGA/../XMEGA/../XMEGA/Endpoint_XMEGA.h ****  *  \defgroup Group_EndpointManagement_XMEGA Endpoint Management (XMEGA)
  63:LUFA//Drivers/USB/Core/XMEGA/../XMEGA/../XMEGA/../XMEGA/Endpoint_XMEGA.h ****  *  \brief Endpoint management definitions for the Atmel AVR XMEGA architecture.
  64:LUFA//Drivers/USB/Core/XMEGA/../XMEGA/../XMEGA/../XMEGA/Endpoint_XMEGA.h ****  *
  65:LUFA//Drivers/USB/Core/XMEGA/../XMEGA/../XMEGA/../XMEGA/Endpoint_XMEGA.h ****  *  Functions, macros and enums related to endpoint management when in USB Device mode. This
  66:LUFA//Drivers/USB/Core/XMEGA/../XMEGA/../XMEGA/../XMEGA/Endpoint_XMEGA.h ****  *  module contains the endpoint management macros, as well as endpoint interrupt and data
  67:LUFA//Drivers/USB/Core/XMEGA/../XMEGA/../XMEGA/../XMEGA/Endpoint_XMEGA.h ****  *  send/receive functions for various data types.
  68:LUFA//Drivers/USB/Core/XMEGA/../XMEGA/../XMEGA/../XMEGA/Endpoint_XMEGA.h ****  *
  69:LUFA//Drivers/USB/Core/XMEGA/../XMEGA/../XMEGA/../XMEGA/Endpoint_XMEGA.h ****  *  @{
  70:LUFA//Drivers/USB/Core/XMEGA/../XMEGA/../XMEGA/../XMEGA/Endpoint_XMEGA.h ****  */
  71:LUFA//Drivers/USB/Core/XMEGA/../XMEGA/../XMEGA/../XMEGA/Endpoint_XMEGA.h **** 
  72:LUFA//Drivers/USB/Core/XMEGA/../XMEGA/../XMEGA/../XMEGA/Endpoint_XMEGA.h **** #ifndef __ENDPOINT_XMEGA_H__
  73:LUFA//Drivers/USB/Core/XMEGA/../XMEGA/../XMEGA/../XMEGA/Endpoint_XMEGA.h **** #define __ENDPOINT_XMEGA_H__
  74:LUFA//Drivers/USB/Core/XMEGA/../XMEGA/../XMEGA/../XMEGA/Endpoint_XMEGA.h **** 
  75:LUFA//Drivers/USB/Core/XMEGA/../XMEGA/../XMEGA/../XMEGA/Endpoint_XMEGA.h **** 	/* Includes: */
  76:LUFA//Drivers/USB/Core/XMEGA/../XMEGA/../XMEGA/../XMEGA/Endpoint_XMEGA.h **** 		#include "../../../../Common/Common.h"
  77:LUFA//Drivers/USB/Core/XMEGA/../XMEGA/../XMEGA/../XMEGA/Endpoint_XMEGA.h **** 		#include "../USBTask.h"
  78:LUFA//Drivers/USB/Core/XMEGA/../XMEGA/../XMEGA/../XMEGA/Endpoint_XMEGA.h **** 		#include "../USBInterrupt.h"
  79:LUFA//Drivers/USB/Core/XMEGA/../XMEGA/../XMEGA/../XMEGA/Endpoint_XMEGA.h **** 		#include "../USBController.h"
  80:LUFA//Drivers/USB/Core/XMEGA/../XMEGA/../XMEGA/../XMEGA/Endpoint_XMEGA.h **** 
  81:LUFA//Drivers/USB/Core/XMEGA/../XMEGA/../XMEGA/../XMEGA/Endpoint_XMEGA.h **** 	/* Enable C linkage for C++ Compilers: */
  82:LUFA//Drivers/USB/Core/XMEGA/../XMEGA/../XMEGA/../XMEGA/Endpoint_XMEGA.h **** 		#if defined(__cplusplus)
  83:LUFA//Drivers/USB/Core/XMEGA/../XMEGA/../XMEGA/../XMEGA/Endpoint_XMEGA.h **** 			extern "C" {
  84:LUFA//Drivers/USB/Core/XMEGA/../XMEGA/../XMEGA/../XMEGA/Endpoint_XMEGA.h **** 		#endif
  85:LUFA//Drivers/USB/Core/XMEGA/../XMEGA/../XMEGA/../XMEGA/Endpoint_XMEGA.h **** 
  86:LUFA//Drivers/USB/Core/XMEGA/../XMEGA/../XMEGA/../XMEGA/Endpoint_XMEGA.h **** 	/* Preprocessor Checks: */
  87:LUFA//Drivers/USB/Core/XMEGA/../XMEGA/../XMEGA/../XMEGA/Endpoint_XMEGA.h **** 		#if !defined(__INCLUDE_FROM_USB_DRIVER)
  88:LUFA//Drivers/USB/Core/XMEGA/../XMEGA/../XMEGA/../XMEGA/Endpoint_XMEGA.h **** 			#error Do not include this file directly. Include LUFA/Drivers/USB/USB.h instead.
  89:LUFA//Drivers/USB/Core/XMEGA/../XMEGA/../XMEGA/../XMEGA/Endpoint_XMEGA.h **** 		#endif
  90:LUFA//Drivers/USB/Core/XMEGA/../XMEGA/../XMEGA/../XMEGA/Endpoint_XMEGA.h **** 
  91:LUFA//Drivers/USB/Core/XMEGA/../XMEGA/../XMEGA/../XMEGA/Endpoint_XMEGA.h **** 	/* Public Interface - May be used in end-application: */
  92:LUFA//Drivers/USB/Core/XMEGA/../XMEGA/../XMEGA/../XMEGA/Endpoint_XMEGA.h **** 		/* Macros: */
  93:LUFA//Drivers/USB/Core/XMEGA/../XMEGA/../XMEGA/../XMEGA/Endpoint_XMEGA.h **** 			#if (!defined(MAX_ENDPOINT_INDEX) && !defined(CONTROL_ONLY_DEVICE)) || defined(__DOXYGEN__)
  94:LUFA//Drivers/USB/Core/XMEGA/../XMEGA/../XMEGA/../XMEGA/Endpoint_XMEGA.h **** 				/** Total number of endpoints (including the default control endpoint at address 0) which may
  95:LUFA//Drivers/USB/Core/XMEGA/../XMEGA/../XMEGA/../XMEGA/Endpoint_XMEGA.h **** 				 *  be used in the device. Different USB AVR models support different amounts of endpoints,
  96:LUFA//Drivers/USB/Core/XMEGA/../XMEGA/../XMEGA/../XMEGA/Endpoint_XMEGA.h **** 				 *  this value reflects the maximum number of endpoints for the currently selected AVR model.
  97:LUFA//Drivers/USB/Core/XMEGA/../XMEGA/../XMEGA/../XMEGA/Endpoint_XMEGA.h **** 				 */
  98:LUFA//Drivers/USB/Core/XMEGA/../XMEGA/../XMEGA/../XMEGA/Endpoint_XMEGA.h **** 				#define ENDPOINT_TOTAL_ENDPOINTS            16
  99:LUFA//Drivers/USB/Core/XMEGA/../XMEGA/../XMEGA/../XMEGA/Endpoint_XMEGA.h **** 			#else
 100:LUFA//Drivers/USB/Core/XMEGA/../XMEGA/../XMEGA/../XMEGA/Endpoint_XMEGA.h **** 				#if defined(CONTROL_ONLY_DEVICE)
 101:LUFA//Drivers/USB/Core/XMEGA/../XMEGA/../XMEGA/../XMEGA/Endpoint_XMEGA.h **** 					#define ENDPOINT_TOTAL_ENDPOINTS        1
 102:LUFA//Drivers/USB/Core/XMEGA/../XMEGA/../XMEGA/../XMEGA/Endpoint_XMEGA.h **** 				#else
 103:LUFA//Drivers/USB/Core/XMEGA/../XMEGA/../XMEGA/../XMEGA/Endpoint_XMEGA.h **** 					#define ENDPOINT_TOTAL_ENDPOINTS        (MAX_ENDPOINT_INDEX + 1)
 104:LUFA//Drivers/USB/Core/XMEGA/../XMEGA/../XMEGA/../XMEGA/Endpoint_XMEGA.h **** 				#endif
 105:LUFA//Drivers/USB/Core/XMEGA/../XMEGA/../XMEGA/../XMEGA/Endpoint_XMEGA.h **** 			#endif
 106:LUFA//Drivers/USB/Core/XMEGA/../XMEGA/../XMEGA/../XMEGA/Endpoint_XMEGA.h **** 
 107:LUFA//Drivers/USB/Core/XMEGA/../XMEGA/../XMEGA/../XMEGA/Endpoint_XMEGA.h **** 	/* Private Interface - For use in library only: */
 108:LUFA//Drivers/USB/Core/XMEGA/../XMEGA/../XMEGA/../XMEGA/Endpoint_XMEGA.h **** 	#if !defined(__DOXYGEN__)
 109:LUFA//Drivers/USB/Core/XMEGA/../XMEGA/../XMEGA/../XMEGA/Endpoint_XMEGA.h **** 		/* Type Defines: */
 110:LUFA//Drivers/USB/Core/XMEGA/../XMEGA/../XMEGA/../XMEGA/Endpoint_XMEGA.h **** 			typedef struct
 111:LUFA//Drivers/USB/Core/XMEGA/../XMEGA/../XMEGA/../XMEGA/Endpoint_XMEGA.h **** 			{
 112:LUFA//Drivers/USB/Core/XMEGA/../XMEGA/../XMEGA/../XMEGA/Endpoint_XMEGA.h **** 				uint8_t Data[64];
 113:LUFA//Drivers/USB/Core/XMEGA/../XMEGA/../XMEGA/../XMEGA/Endpoint_XMEGA.h **** 
 114:LUFA//Drivers/USB/Core/XMEGA/../XMEGA/../XMEGA/../XMEGA/Endpoint_XMEGA.h **** 				uint8_t Length;
 115:LUFA//Drivers/USB/Core/XMEGA/../XMEGA/../XMEGA/../XMEGA/Endpoint_XMEGA.h **** 				uint8_t Position;
 116:LUFA//Drivers/USB/Core/XMEGA/../XMEGA/../XMEGA/../XMEGA/Endpoint_XMEGA.h **** 			} Endpoint_FIFO_t;
 117:LUFA//Drivers/USB/Core/XMEGA/../XMEGA/../XMEGA/../XMEGA/Endpoint_XMEGA.h **** 
 118:LUFA//Drivers/USB/Core/XMEGA/../XMEGA/../XMEGA/../XMEGA/Endpoint_XMEGA.h **** 			typedef struct
 119:LUFA//Drivers/USB/Core/XMEGA/../XMEGA/../XMEGA/../XMEGA/Endpoint_XMEGA.h **** 			{
 120:LUFA//Drivers/USB/Core/XMEGA/../XMEGA/../XMEGA/../XMEGA/Endpoint_XMEGA.h **** 				Endpoint_FIFO_t OUT;
 121:LUFA//Drivers/USB/Core/XMEGA/../XMEGA/../XMEGA/../XMEGA/Endpoint_XMEGA.h **** 				Endpoint_FIFO_t IN;
 122:LUFA//Drivers/USB/Core/XMEGA/../XMEGA/../XMEGA/../XMEGA/Endpoint_XMEGA.h **** 			} Endpoint_FIFOPair_t;
 123:LUFA//Drivers/USB/Core/XMEGA/../XMEGA/../XMEGA/../XMEGA/Endpoint_XMEGA.h **** 
 124:LUFA//Drivers/USB/Core/XMEGA/../XMEGA/../XMEGA/../XMEGA/Endpoint_XMEGA.h **** 		/* External Variables: */
 125:LUFA//Drivers/USB/Core/XMEGA/../XMEGA/../XMEGA/../XMEGA/Endpoint_XMEGA.h **** 			extern Endpoint_FIFOPair_t       USB_Endpoint_FIFOs[ENDPOINT_TOTAL_ENDPOINTS];
 126:LUFA//Drivers/USB/Core/XMEGA/../XMEGA/../XMEGA/../XMEGA/Endpoint_XMEGA.h **** 			extern volatile uint8_t          USB_Endpoint_SelectedEndpoint;
 127:LUFA//Drivers/USB/Core/XMEGA/../XMEGA/../XMEGA/../XMEGA/Endpoint_XMEGA.h **** 			extern volatile USB_EP_t*        USB_Endpoint_SelectedHandle;
 128:LUFA//Drivers/USB/Core/XMEGA/../XMEGA/../XMEGA/../XMEGA/Endpoint_XMEGA.h **** 			extern volatile Endpoint_FIFO_t* USB_Endpoint_SelectedFIFO;
 129:LUFA//Drivers/USB/Core/XMEGA/../XMEGA/../XMEGA/../XMEGA/Endpoint_XMEGA.h **** 
 130:LUFA//Drivers/USB/Core/XMEGA/../XMEGA/../XMEGA/../XMEGA/Endpoint_XMEGA.h **** 		/* Inline Functions: */
 131:LUFA//Drivers/USB/Core/XMEGA/../XMEGA/../XMEGA/../XMEGA/Endpoint_XMEGA.h **** 			static inline uint8_t Endpoint_BytesToEPSizeMask(const uint16_t Bytes) ATTR_WARN_UNUSED_RESULT A
 132:LUFA//Drivers/USB/Core/XMEGA/../XMEGA/../XMEGA/../XMEGA/Endpoint_XMEGA.h **** 			                                                                       ATTR_ALWAYS_INLINE;
 133:LUFA//Drivers/USB/Core/XMEGA/../XMEGA/../XMEGA/../XMEGA/Endpoint_XMEGA.h **** 			static inline uint8_t Endpoint_BytesToEPSizeMask(const uint16_t Bytes)
 134:LUFA//Drivers/USB/Core/XMEGA/../XMEGA/../XMEGA/../XMEGA/Endpoint_XMEGA.h **** 			{
 135:LUFA//Drivers/USB/Core/XMEGA/../XMEGA/../XMEGA/../XMEGA/Endpoint_XMEGA.h **** 				uint8_t  MaskVal    = 0;
 136:LUFA//Drivers/USB/Core/XMEGA/../XMEGA/../XMEGA/../XMEGA/Endpoint_XMEGA.h **** 				uint16_t CheckBytes = 8;
 137:LUFA//Drivers/USB/Core/XMEGA/../XMEGA/../XMEGA/../XMEGA/Endpoint_XMEGA.h **** 
 138:LUFA//Drivers/USB/Core/XMEGA/../XMEGA/../XMEGA/../XMEGA/Endpoint_XMEGA.h **** 				while (CheckBytes < Bytes)
 139:LUFA//Drivers/USB/Core/XMEGA/../XMEGA/../XMEGA/../XMEGA/Endpoint_XMEGA.h **** 				{
 140:LUFA//Drivers/USB/Core/XMEGA/../XMEGA/../XMEGA/../XMEGA/Endpoint_XMEGA.h **** 					MaskVal++;
 141:LUFA//Drivers/USB/Core/XMEGA/../XMEGA/../XMEGA/../XMEGA/Endpoint_XMEGA.h **** 					CheckBytes <<= 1;
 142:LUFA//Drivers/USB/Core/XMEGA/../XMEGA/../XMEGA/../XMEGA/Endpoint_XMEGA.h **** 				}
 143:LUFA//Drivers/USB/Core/XMEGA/../XMEGA/../XMEGA/../XMEGA/Endpoint_XMEGA.h **** 
 144:LUFA//Drivers/USB/Core/XMEGA/../XMEGA/../XMEGA/../XMEGA/Endpoint_XMEGA.h **** 				return (MaskVal << USB_EP_BUFSIZE_gp);
 145:LUFA//Drivers/USB/Core/XMEGA/../XMEGA/../XMEGA/../XMEGA/Endpoint_XMEGA.h **** 			}
 146:LUFA//Drivers/USB/Core/XMEGA/../XMEGA/../XMEGA/../XMEGA/Endpoint_XMEGA.h **** 
 147:LUFA//Drivers/USB/Core/XMEGA/../XMEGA/../XMEGA/../XMEGA/Endpoint_XMEGA.h **** 		/* Function Prototypes: */
 148:LUFA//Drivers/USB/Core/XMEGA/../XMEGA/../XMEGA/../XMEGA/Endpoint_XMEGA.h **** 			bool Endpoint_ConfigureEndpoint_PRV(const uint8_t Address,
 149:LUFA//Drivers/USB/Core/XMEGA/../XMEGA/../XMEGA/../XMEGA/Endpoint_XMEGA.h **** 			                                    const uint8_t Config,
 150:LUFA//Drivers/USB/Core/XMEGA/../XMEGA/../XMEGA/../XMEGA/Endpoint_XMEGA.h **** 			                                    const uint8_t Size);
 151:LUFA//Drivers/USB/Core/XMEGA/../XMEGA/../XMEGA/../XMEGA/Endpoint_XMEGA.h **** 			void Endpoint_ClearEndpoints(void);
 152:LUFA//Drivers/USB/Core/XMEGA/../XMEGA/../XMEGA/../XMEGA/Endpoint_XMEGA.h **** 	#endif
 153:LUFA//Drivers/USB/Core/XMEGA/../XMEGA/../XMEGA/../XMEGA/Endpoint_XMEGA.h **** 
 154:LUFA//Drivers/USB/Core/XMEGA/../XMEGA/../XMEGA/../XMEGA/Endpoint_XMEGA.h **** 	/* Public Interface - May be used in end-application: */
 155:LUFA//Drivers/USB/Core/XMEGA/../XMEGA/../XMEGA/../XMEGA/Endpoint_XMEGA.h **** 		/* Macros: */
 156:LUFA//Drivers/USB/Core/XMEGA/../XMEGA/../XMEGA/../XMEGA/Endpoint_XMEGA.h **** 			#if (!defined(FIXED_CONTROL_ENDPOINT_SIZE) || defined(__DOXYGEN__))
 157:LUFA//Drivers/USB/Core/XMEGA/../XMEGA/../XMEGA/../XMEGA/Endpoint_XMEGA.h **** 				/** Default size of the default control endpoint's bank, until altered by the control endpoint 
 158:LUFA//Drivers/USB/Core/XMEGA/../XMEGA/../XMEGA/../XMEGA/Endpoint_XMEGA.h **** 				 *  value in the device descriptor. Not available if the \c FIXED_CONTROL_ENDPOINT_SIZE token i
 159:LUFA//Drivers/USB/Core/XMEGA/../XMEGA/../XMEGA/../XMEGA/Endpoint_XMEGA.h **** 				 */
 160:LUFA//Drivers/USB/Core/XMEGA/../XMEGA/../XMEGA/../XMEGA/Endpoint_XMEGA.h **** 				#define ENDPOINT_CONTROLEP_DEFAULT_SIZE     8
 161:LUFA//Drivers/USB/Core/XMEGA/../XMEGA/../XMEGA/../XMEGA/Endpoint_XMEGA.h **** 			#endif
 162:LUFA//Drivers/USB/Core/XMEGA/../XMEGA/../XMEGA/../XMEGA/Endpoint_XMEGA.h **** 
 163:LUFA//Drivers/USB/Core/XMEGA/../XMEGA/../XMEGA/../XMEGA/Endpoint_XMEGA.h **** 		/* Enums: */
 164:LUFA//Drivers/USB/Core/XMEGA/../XMEGA/../XMEGA/../XMEGA/Endpoint_XMEGA.h **** 			/** Enum for the possible error return codes of the \ref Endpoint_WaitUntilReady() function.
 165:LUFA//Drivers/USB/Core/XMEGA/../XMEGA/../XMEGA/../XMEGA/Endpoint_XMEGA.h **** 			 *
 166:LUFA//Drivers/USB/Core/XMEGA/../XMEGA/../XMEGA/../XMEGA/Endpoint_XMEGA.h **** 			 *  \ingroup Group_EndpointRW_XMEGA
 167:LUFA//Drivers/USB/Core/XMEGA/../XMEGA/../XMEGA/../XMEGA/Endpoint_XMEGA.h **** 			 */
 168:LUFA//Drivers/USB/Core/XMEGA/../XMEGA/../XMEGA/../XMEGA/Endpoint_XMEGA.h **** 			enum Endpoint_WaitUntilReady_ErrorCodes_t
 169:LUFA//Drivers/USB/Core/XMEGA/../XMEGA/../XMEGA/../XMEGA/Endpoint_XMEGA.h **** 			{
 170:LUFA//Drivers/USB/Core/XMEGA/../XMEGA/../XMEGA/../XMEGA/Endpoint_XMEGA.h **** 				ENDPOINT_READYWAIT_NoError                 = 0, /**< Endpoint is ready for next packet, no erro
 171:LUFA//Drivers/USB/Core/XMEGA/../XMEGA/../XMEGA/../XMEGA/Endpoint_XMEGA.h **** 				ENDPOINT_READYWAIT_EndpointStalled         = 1, /**< The endpoint was stalled during the stream
 172:LUFA//Drivers/USB/Core/XMEGA/../XMEGA/../XMEGA/../XMEGA/Endpoint_XMEGA.h **** 				                                                 *   transfer by the host or device.
 173:LUFA//Drivers/USB/Core/XMEGA/../XMEGA/../XMEGA/../XMEGA/Endpoint_XMEGA.h **** 				                                                 */
 174:LUFA//Drivers/USB/Core/XMEGA/../XMEGA/../XMEGA/../XMEGA/Endpoint_XMEGA.h **** 				ENDPOINT_READYWAIT_DeviceDisconnected      = 2,	/**< Device was disconnected from the host whil
 175:LUFA//Drivers/USB/Core/XMEGA/../XMEGA/../XMEGA/../XMEGA/Endpoint_XMEGA.h **** 				                                                 *   waiting for the endpoint to become ready.
 176:LUFA//Drivers/USB/Core/XMEGA/../XMEGA/../XMEGA/../XMEGA/Endpoint_XMEGA.h **** 				                                                 */
 177:LUFA//Drivers/USB/Core/XMEGA/../XMEGA/../XMEGA/../XMEGA/Endpoint_XMEGA.h **** 				ENDPOINT_READYWAIT_BusSuspended            = 3, /**< The USB bus has been suspended by the host
 178:LUFA//Drivers/USB/Core/XMEGA/../XMEGA/../XMEGA/../XMEGA/Endpoint_XMEGA.h **** 				                                                 *   no USB endpoint traffic can occur until th
 179:LUFA//Drivers/USB/Core/XMEGA/../XMEGA/../XMEGA/../XMEGA/Endpoint_XMEGA.h **** 				                                                 *   has resumed.
 180:LUFA//Drivers/USB/Core/XMEGA/../XMEGA/../XMEGA/../XMEGA/Endpoint_XMEGA.h **** 				                                                 */
 181:LUFA//Drivers/USB/Core/XMEGA/../XMEGA/../XMEGA/../XMEGA/Endpoint_XMEGA.h **** 				ENDPOINT_READYWAIT_Timeout                 = 4, /**< The host failed to accept or send the next
 182:LUFA//Drivers/USB/Core/XMEGA/../XMEGA/../XMEGA/../XMEGA/Endpoint_XMEGA.h **** 				                                                 *   within the software timeout period set by 
 183:LUFA//Drivers/USB/Core/XMEGA/../XMEGA/../XMEGA/../XMEGA/Endpoint_XMEGA.h **** 				                                                 *   \ref USB_STREAM_TIMEOUT_MS macro.
 184:LUFA//Drivers/USB/Core/XMEGA/../XMEGA/../XMEGA/../XMEGA/Endpoint_XMEGA.h **** 				                                                 */
 185:LUFA//Drivers/USB/Core/XMEGA/../XMEGA/../XMEGA/../XMEGA/Endpoint_XMEGA.h **** 			};
 186:LUFA//Drivers/USB/Core/XMEGA/../XMEGA/../XMEGA/../XMEGA/Endpoint_XMEGA.h **** 
 187:LUFA//Drivers/USB/Core/XMEGA/../XMEGA/../XMEGA/../XMEGA/Endpoint_XMEGA.h **** 		/* Inline Functions: */
 188:LUFA//Drivers/USB/Core/XMEGA/../XMEGA/../XMEGA/../XMEGA/Endpoint_XMEGA.h **** 			/** Selects the given endpoint address.
 189:LUFA//Drivers/USB/Core/XMEGA/../XMEGA/../XMEGA/../XMEGA/Endpoint_XMEGA.h **** 			 *
 190:LUFA//Drivers/USB/Core/XMEGA/../XMEGA/../XMEGA/../XMEGA/Endpoint_XMEGA.h **** 			 *  Any endpoint operations which do not require the endpoint address to be indicated will opera
 191:LUFA//Drivers/USB/Core/XMEGA/../XMEGA/../XMEGA/../XMEGA/Endpoint_XMEGA.h **** 			 *  the currently selected endpoint.
 192:LUFA//Drivers/USB/Core/XMEGA/../XMEGA/../XMEGA/../XMEGA/Endpoint_XMEGA.h **** 			 *
 193:LUFA//Drivers/USB/Core/XMEGA/../XMEGA/../XMEGA/../XMEGA/Endpoint_XMEGA.h **** 			 *  \param[in] Address  Endpoint address to select.
 194:LUFA//Drivers/USB/Core/XMEGA/../XMEGA/../XMEGA/../XMEGA/Endpoint_XMEGA.h **** 			 */
 195:LUFA//Drivers/USB/Core/XMEGA/../XMEGA/../XMEGA/../XMEGA/Endpoint_XMEGA.h **** 			static inline void Endpoint_SelectEndpoint(const uint8_t Address);
 196:LUFA//Drivers/USB/Core/XMEGA/../XMEGA/../XMEGA/../XMEGA/Endpoint_XMEGA.h **** 			static inline void Endpoint_SelectEndpoint(const uint8_t Address)
 197:LUFA//Drivers/USB/Core/XMEGA/../XMEGA/../XMEGA/../XMEGA/Endpoint_XMEGA.h **** 			{
 198:LUFA//Drivers/USB/Core/XMEGA/../XMEGA/../XMEGA/../XMEGA/Endpoint_XMEGA.h **** 				uint8_t EndpointNumber = (Address & ENDPOINT_EPNUM_MASK);
 199:LUFA//Drivers/USB/Core/XMEGA/../XMEGA/../XMEGA/../XMEGA/Endpoint_XMEGA.h **** 
 200:LUFA//Drivers/USB/Core/XMEGA/../XMEGA/../XMEGA/../XMEGA/Endpoint_XMEGA.h **** 				USB_Endpoint_SelectedEndpoint = Address;
 201:LUFA//Drivers/USB/Core/XMEGA/../XMEGA/../XMEGA/../XMEGA/Endpoint_XMEGA.h **** 
 202:LUFA//Drivers/USB/Core/XMEGA/../XMEGA/../XMEGA/../XMEGA/Endpoint_XMEGA.h **** 				if (Address & ENDPOINT_DIR_IN)
 203:LUFA//Drivers/USB/Core/XMEGA/../XMEGA/../XMEGA/../XMEGA/Endpoint_XMEGA.h **** 				{
 204:LUFA//Drivers/USB/Core/XMEGA/../XMEGA/../XMEGA/../XMEGA/Endpoint_XMEGA.h **** 					USB_Endpoint_SelectedFIFO   = &USB_Endpoint_FIFOs[EndpointNumber].IN;
 205:LUFA//Drivers/USB/Core/XMEGA/../XMEGA/../XMEGA/../XMEGA/Endpoint_XMEGA.h **** 					USB_Endpoint_SelectedHandle = &((USB_EndpointTable_t*)USB.EPPTR)->Endpoints[EndpointNumber].IN
 206:LUFA//Drivers/USB/Core/XMEGA/../XMEGA/../XMEGA/../XMEGA/Endpoint_XMEGA.h **** 				}
 207:LUFA//Drivers/USB/Core/XMEGA/../XMEGA/../XMEGA/../XMEGA/Endpoint_XMEGA.h **** 				else
 208:LUFA//Drivers/USB/Core/XMEGA/../XMEGA/../XMEGA/../XMEGA/Endpoint_XMEGA.h **** 				{
 209:LUFA//Drivers/USB/Core/XMEGA/../XMEGA/../XMEGA/../XMEGA/Endpoint_XMEGA.h **** 					USB_Endpoint_SelectedFIFO   = &USB_Endpoint_FIFOs[EndpointNumber].OUT;
 210:LUFA//Drivers/USB/Core/XMEGA/../XMEGA/../XMEGA/../XMEGA/Endpoint_XMEGA.h **** 					USB_Endpoint_SelectedHandle = &((USB_EndpointTable_t*)USB.EPPTR)->Endpoints[EndpointNumber].OU
 211:LUFA//Drivers/USB/Core/XMEGA/../XMEGA/../XMEGA/../XMEGA/Endpoint_XMEGA.h **** 				}
 212:LUFA//Drivers/USB/Core/XMEGA/../XMEGA/../XMEGA/../XMEGA/Endpoint_XMEGA.h **** 			}
 213:LUFA//Drivers/USB/Core/XMEGA/../XMEGA/../XMEGA/../XMEGA/Endpoint_XMEGA.h **** 
 214:LUFA//Drivers/USB/Core/XMEGA/../XMEGA/../XMEGA/../XMEGA/Endpoint_XMEGA.h **** 			/** Configures the specified endpoint address with the given endpoint type, direction, bank size
 215:LUFA//Drivers/USB/Core/XMEGA/../XMEGA/../XMEGA/../XMEGA/Endpoint_XMEGA.h **** 			 *  and banking mode. Once configured, the endpoint may be read from or written to, depending
 216:LUFA//Drivers/USB/Core/XMEGA/../XMEGA/../XMEGA/../XMEGA/Endpoint_XMEGA.h **** 			 *  on its direction.
 217:LUFA//Drivers/USB/Core/XMEGA/../XMEGA/../XMEGA/../XMEGA/Endpoint_XMEGA.h **** 			 *
 218:LUFA//Drivers/USB/Core/XMEGA/../XMEGA/../XMEGA/../XMEGA/Endpoint_XMEGA.h **** 			 *  \param[in] Address    Endpoint address to configure.
 219:LUFA//Drivers/USB/Core/XMEGA/../XMEGA/../XMEGA/../XMEGA/Endpoint_XMEGA.h **** 			 *
 220:LUFA//Drivers/USB/Core/XMEGA/../XMEGA/../XMEGA/../XMEGA/Endpoint_XMEGA.h **** 			 *  \param[in] Type       Type of endpoint to configure, a \c EP_TYPE_* mask. Not all endpoint t
 221:LUFA//Drivers/USB/Core/XMEGA/../XMEGA/../XMEGA/../XMEGA/Endpoint_XMEGA.h **** 			 *                        are available on Low Speed USB devices - refer to the USB 2.0 specific
 222:LUFA//Drivers/USB/Core/XMEGA/../XMEGA/../XMEGA/../XMEGA/Endpoint_XMEGA.h **** 			 *
 223:LUFA//Drivers/USB/Core/XMEGA/../XMEGA/../XMEGA/../XMEGA/Endpoint_XMEGA.h **** 			 *  \param[in] Size       Size of the endpoint's bank, where packets are stored before they are 
 224:LUFA//Drivers/USB/Core/XMEGA/../XMEGA/../XMEGA/../XMEGA/Endpoint_XMEGA.h **** 			 *                        to the USB host, or after they have been received from the USB host (d
 225:LUFA//Drivers/USB/Core/XMEGA/../XMEGA/../XMEGA/../XMEGA/Endpoint_XMEGA.h **** 			 *                        the endpoint's data direction). The bank size must indicate the maximu
 226:LUFA//Drivers/USB/Core/XMEGA/../XMEGA/../XMEGA/../XMEGA/Endpoint_XMEGA.h **** 			 *                        that the endpoint can handle.
 227:LUFA//Drivers/USB/Core/XMEGA/../XMEGA/../XMEGA/../XMEGA/Endpoint_XMEGA.h **** 			 *
 228:LUFA//Drivers/USB/Core/XMEGA/../XMEGA/../XMEGA/../XMEGA/Endpoint_XMEGA.h **** 			 *  \param[in] Banks      Number of hardware banks to use for the endpoint being configured.
 229:LUFA//Drivers/USB/Core/XMEGA/../XMEGA/../XMEGA/../XMEGA/Endpoint_XMEGA.h **** 			 *
 230:LUFA//Drivers/USB/Core/XMEGA/../XMEGA/../XMEGA/../XMEGA/Endpoint_XMEGA.h **** 			 *  \note The default control endpoint should not be manually configured by the user application
 231:LUFA//Drivers/USB/Core/XMEGA/../XMEGA/../XMEGA/../XMEGA/Endpoint_XMEGA.h **** 			 *        it is automatically configured by the library internally.
 232:LUFA//Drivers/USB/Core/XMEGA/../XMEGA/../XMEGA/../XMEGA/Endpoint_XMEGA.h **** 			 *        \n\n
 233:LUFA//Drivers/USB/Core/XMEGA/../XMEGA/../XMEGA/../XMEGA/Endpoint_XMEGA.h **** 			 *
 234:LUFA//Drivers/USB/Core/XMEGA/../XMEGA/../XMEGA/../XMEGA/Endpoint_XMEGA.h **** 			 *  \note This routine will automatically select the specified endpoint.
 235:LUFA//Drivers/USB/Core/XMEGA/../XMEGA/../XMEGA/../XMEGA/Endpoint_XMEGA.h **** 			 *
 236:LUFA//Drivers/USB/Core/XMEGA/../XMEGA/../XMEGA/../XMEGA/Endpoint_XMEGA.h **** 			 *  \return Boolean \c true if the configuration succeeded, \c false otherwise.
 237:LUFA//Drivers/USB/Core/XMEGA/../XMEGA/../XMEGA/../XMEGA/Endpoint_XMEGA.h **** 			 */
 238:LUFA//Drivers/USB/Core/XMEGA/../XMEGA/../XMEGA/../XMEGA/Endpoint_XMEGA.h **** 			static inline bool Endpoint_ConfigureEndpoint(const uint8_t Address,
 239:LUFA//Drivers/USB/Core/XMEGA/../XMEGA/../XMEGA/../XMEGA/Endpoint_XMEGA.h **** 			                                              const uint8_t Type,
 240:LUFA//Drivers/USB/Core/XMEGA/../XMEGA/../XMEGA/../XMEGA/Endpoint_XMEGA.h **** 			                                              const uint16_t Size,
 241:LUFA//Drivers/USB/Core/XMEGA/../XMEGA/../XMEGA/../XMEGA/Endpoint_XMEGA.h **** 			                                              const uint8_t Banks) ATTR_ALWAYS_INLINE;
 242:LUFA//Drivers/USB/Core/XMEGA/../XMEGA/../XMEGA/../XMEGA/Endpoint_XMEGA.h **** 			static inline bool Endpoint_ConfigureEndpoint(const uint8_t Address,
 243:LUFA//Drivers/USB/Core/XMEGA/../XMEGA/../XMEGA/../XMEGA/Endpoint_XMEGA.h **** 			                                              const uint8_t Type,
 244:LUFA//Drivers/USB/Core/XMEGA/../XMEGA/../XMEGA/../XMEGA/Endpoint_XMEGA.h **** 			                                              const uint16_t Size,
 245:LUFA//Drivers/USB/Core/XMEGA/../XMEGA/../XMEGA/../XMEGA/Endpoint_XMEGA.h **** 			                                              const uint8_t Banks)
 246:LUFA//Drivers/USB/Core/XMEGA/../XMEGA/../XMEGA/../XMEGA/Endpoint_XMEGA.h **** 			{
 247:LUFA//Drivers/USB/Core/XMEGA/../XMEGA/../XMEGA/../XMEGA/Endpoint_XMEGA.h **** 				uint8_t EPConfigMask = (USB_EP_INTDSBL_bm | ((Banks > 1) ? USB_EP_PINGPONG_bm : 0) | Endpoint_B
 248:LUFA//Drivers/USB/Core/XMEGA/../XMEGA/../XMEGA/../XMEGA/Endpoint_XMEGA.h **** 
 249:LUFA//Drivers/USB/Core/XMEGA/../XMEGA/../XMEGA/../XMEGA/Endpoint_XMEGA.h **** 				if ((Address & ENDPOINT_EPNUM_MASK) >= ENDPOINT_TOTAL_ENDPOINTS)
 250:LUFA//Drivers/USB/Core/XMEGA/../XMEGA/../XMEGA/../XMEGA/Endpoint_XMEGA.h **** 				  return false;
 251:LUFA//Drivers/USB/Core/XMEGA/../XMEGA/../XMEGA/../XMEGA/Endpoint_XMEGA.h **** 
 252:LUFA//Drivers/USB/Core/XMEGA/../XMEGA/../XMEGA/../XMEGA/Endpoint_XMEGA.h **** 				// TODO - Fix once limitations are lifted
 253:LUFA//Drivers/USB/Core/XMEGA/../XMEGA/../XMEGA/../XMEGA/Endpoint_XMEGA.h **** 				EPConfigMask &= ~USB_EP_PINGPONG_bm;
 254:LUFA//Drivers/USB/Core/XMEGA/../XMEGA/../XMEGA/../XMEGA/Endpoint_XMEGA.h **** 				if (Size > 64)
 255:LUFA//Drivers/USB/Core/XMEGA/../XMEGA/../XMEGA/../XMEGA/Endpoint_XMEGA.h **** 				  return false;
 256:LUFA//Drivers/USB/Core/XMEGA/../XMEGA/../XMEGA/../XMEGA/Endpoint_XMEGA.h **** 
 257:LUFA//Drivers/USB/Core/XMEGA/../XMEGA/../XMEGA/../XMEGA/Endpoint_XMEGA.h **** 				switch (Type)
 258:LUFA//Drivers/USB/Core/XMEGA/../XMEGA/../XMEGA/../XMEGA/Endpoint_XMEGA.h **** 				{
 259:LUFA//Drivers/USB/Core/XMEGA/../XMEGA/../XMEGA/../XMEGA/Endpoint_XMEGA.h **** 					case EP_TYPE_CONTROL:
 260:LUFA//Drivers/USB/Core/XMEGA/../XMEGA/../XMEGA/../XMEGA/Endpoint_XMEGA.h **** 						EPConfigMask |= USB_EP_TYPE_CONTROL_gc;
 261:LUFA//Drivers/USB/Core/XMEGA/../XMEGA/../XMEGA/../XMEGA/Endpoint_XMEGA.h **** 						break;
 262:LUFA//Drivers/USB/Core/XMEGA/../XMEGA/../XMEGA/../XMEGA/Endpoint_XMEGA.h **** 					case EP_TYPE_ISOCHRONOUS:
 263:LUFA//Drivers/USB/Core/XMEGA/../XMEGA/../XMEGA/../XMEGA/Endpoint_XMEGA.h **** 						EPConfigMask |= USB_EP_TYPE_ISOCHRONOUS_gc;
 264:LUFA//Drivers/USB/Core/XMEGA/../XMEGA/../XMEGA/../XMEGA/Endpoint_XMEGA.h **** 						break;
 265:LUFA//Drivers/USB/Core/XMEGA/../XMEGA/../XMEGA/../XMEGA/Endpoint_XMEGA.h **** 					default:
 266:LUFA//Drivers/USB/Core/XMEGA/../XMEGA/../XMEGA/../XMEGA/Endpoint_XMEGA.h **** 						EPConfigMask |= USB_EP_TYPE_BULK_gc;
 267:LUFA//Drivers/USB/Core/XMEGA/../XMEGA/../XMEGA/../XMEGA/Endpoint_XMEGA.h **** 						break;
 268:LUFA//Drivers/USB/Core/XMEGA/../XMEGA/../XMEGA/../XMEGA/Endpoint_XMEGA.h **** 				}
 269:LUFA//Drivers/USB/Core/XMEGA/../XMEGA/../XMEGA/../XMEGA/Endpoint_XMEGA.h **** 
 270:LUFA//Drivers/USB/Core/XMEGA/../XMEGA/../XMEGA/../XMEGA/Endpoint_XMEGA.h **** 				if (Type == EP_TYPE_CONTROL)
 271:LUFA//Drivers/USB/Core/XMEGA/../XMEGA/../XMEGA/../XMEGA/Endpoint_XMEGA.h **** 				  Endpoint_ConfigureEndpoint_PRV(Address ^ ENDPOINT_DIR_IN, EPConfigMask, Size);
 278               		.loc 4 271 0
 279 00a4 80E8      		ldi r24,lo8(-128)
 280 00a6 68E4      		ldi r22,lo8(72)
 281 00a8 48E0      		ldi r20,lo8(8)
 282 00aa 0E94 0000 		call Endpoint_ConfigureEndpoint_PRV
 272:LUFA//Drivers/USB/Core/XMEGA/../XMEGA/../XMEGA/../XMEGA/Endpoint_XMEGA.h **** 
 273:LUFA//Drivers/USB/Core/XMEGA/../XMEGA/../XMEGA/../XMEGA/Endpoint_XMEGA.h **** 				return Endpoint_ConfigureEndpoint_PRV(Address, EPConfigMask, Size);
 283               		.loc 4 273 0
 284 00ae 80E0      		ldi r24,lo8(0)
 285 00b0 68E4      		ldi r22,lo8(72)
 286 00b2 48E0      		ldi r20,lo8(8)
 287 00b4 0E94 0000 		call Endpoint_ConfigureEndpoint_PRV
 288               	.LBE53:
 289               	.LBE52:
  99:LUFA//Drivers/USB/Core/XMEGA/USBInterrupt_XMEGA.c **** 		Endpoint_ConfigureEndpoint(ENDPOINT_CONTROLEP, EP_TYPE_CONTROL,
 100:LUFA//Drivers/USB/Core/XMEGA/USBInterrupt_XMEGA.c **** 		                           USB_Device_ControlEndpointSize, 1);
 101:LUFA//Drivers/USB/Core/XMEGA/USBInterrupt_XMEGA.c **** 
 102:LUFA//Drivers/USB/Core/XMEGA/USBInterrupt_XMEGA.c **** 		EVENT_USB_Device_Reset();
 290               		.loc 1 102 0
 291 00b8 0E94 0000 		call EVENT_USB_Device_Reset
 292               	.LVL13:
 293               	.L3:
 294               	/* epilogue start */
 103:LUFA//Drivers/USB/Core/XMEGA/USBInterrupt_XMEGA.c **** 	}
 104:LUFA//Drivers/USB/Core/XMEGA/USBInterrupt_XMEGA.c **** }
 295               		.loc 1 104 0
 296 00bc FF91      		pop r31
 297 00be EF91      		pop r30
 298 00c0 BF91      		pop r27
 299 00c2 AF91      		pop r26
 300 00c4 9F91      		pop r25
 301 00c6 8F91      		pop r24
 302 00c8 7F91      		pop r23
 303 00ca 6F91      		pop r22
 304 00cc 5F91      		pop r21
 305 00ce 4F91      		pop r20
 306 00d0 3F91      		pop r19
 307 00d2 2F91      		pop r18
 308 00d4 0F90      		pop r0
 309 00d6 0FBE      		out __SREG__,r0
 310 00d8 0F90      		pop r0
 311 00da 1F90      		pop r1
 312 00dc 1895      		reti
 313               		.cfi_endproc
 314               	.LFE70:
 316               		.text
 317               	.Letext0:
 318               		.file 5 "/home/dgonz/projects/Useful/avrTools/avr8-gnu-toolchain-linux_x86/bin/../lib/gcc/avr/4.6.
 319               		.file 6 "/home/dgonz/projects/Useful/avrTools/avr8-gnu-toolchain-linux_x86/bin/../lib/gcc/avr/4.6.
 320               		.file 7 "LUFA//Drivers/USB/Core/XMEGA/../XMEGA/../XMEGA/../Device.h"
 321               		.file 8 "LUFA//Drivers/USB/Core/XMEGA/../XMEGA/../XMEGA/../DeviceStandardReq.h"
 322               		.file 9 "LUFA//Drivers/USB/Core/XMEGA/../XMEGA/../XMEGA/../USBTask.h"
DEFINED SYMBOLS
                            *ABS*:00000000 USBInterrupt_XMEGA.c
     /tmp/cccX7ERU.s:2      *ABS*:0000003f __SREG__
     /tmp/cccX7ERU.s:3      *ABS*:0000003e __SP_H__
     /tmp/cccX7ERU.s:4      *ABS*:0000003d __SP_L__
     /tmp/cccX7ERU.s:5      *ABS*:00000034 __CCP__
     /tmp/cccX7ERU.s:6      *ABS*:00000000 __tmp_reg__
     /tmp/cccX7ERU.s:7      *ABS*:00000001 __zero_reg__
     /tmp/cccX7ERU.s:16     .text.USB_INT_DisableAllInterrupts:00000000 USB_INT_DisableAllInterrupts
     /tmp/cccX7ERU.s:42     .text.USB_INT_ClearAllInterrupts:00000000 USB_INT_ClearAllInterrupts
     /tmp/cccX7ERU.s:66     .text.__vector_125:00000000 __vector_125

UNDEFINED SYMBOLS
__do_copy_data
__do_clear_bss
EVENT_USB_Device_StartOfFrame
USB_DeviceState
EVENT_USB_Device_Disconnect
USB_Device_ConfigurationNumber
EVENT_USB_Device_Connect
Endpoint_ClearEndpoints
Endpoint_ConfigureEndpoint_PRV
EVENT_USB_Device_Reset
